C51 COMPILER V9.60.7.0   BUZZER                                                            09/04/2023 08:10:10 PAGE 1   


C51 COMPILER V9.60.7.0, COMPILATION OF MODULE BUZZER
OBJECT MODULE PLACED IN .\Objects\Buzzer.obj
COMPILER INVOKED BY: D:\Keil_v5\C51\BIN\C51.EXE Buzzer.c OPTIMIZE(8,SPEED) BROWSE DEBUG OBJECTEXTEND PRINT(.\Listings\Bu
                    -zzer.lst) OBJECT(.\Objects\Buzzer.obj)

line level    source

   1          #include <REGX52.H>
   2          #include <INTRINS.H>
   3          #include "Delay.h" // 延时
   4          sbit Buzzer = P2^5;
   5          void Buzzer_Delay500us();
   6          unsigned int i;
   7          /**
   8          * @brief 以500Hz的频率播放提示音
   9          * @param  unsigned int ms 蜂鸣时长
  10          * @retval 无
  11          * @interpretation  描述
  12          */
  13          void Buzzer500Hz(unsigned int ms)
  14          {
  15   1              for(i = 0; i < ms; i++)
  16   1              {
  17   2                      Buzzer = !Buzzer;
  18   2                      Delay(1);
  19   2                      /*delay 1ms ：高电平1毫秒、低电平1毫秒，周期是2毫秒（0.002秒），频率是1 / 0.002
             - = 500Hz*/
  20   2              }
  21   1      }
  22          /**
  23          * @brief 以500Hz的频率播放提示音<标准的提示音>
  24          * @param  unsigned int ms 蜂鸣时长
  25          * @retval 无
  26          * @interpretation  描述
  27          */
  28          void Buzzer1000Hz(unsigned int ms)
  29          {
  30   1              for(i = 0; i < ms; i++)
  31   1              {
  32   2                      Buzzer = !Buzzer;
  33   2                      Buzzer_Delay500us();
  34   2                      /*delay 1ms ：高电平1毫秒、低电平1毫秒，周期是2毫秒（0.002秒），频率是1 / 0.002
             - = 500Hz*/
  35   2              }
  36   1      }
  37          
  38          void Buzzer_Delay500us()
  39          {
  40   1              unsigned char data i;
  41   1              _nop_();
  42   1              i = 227;
  43   1              while (--i);
  44   1      }


MODULE INFORMATION:   STATIC OVERLAYABLE
   CODE SIZE        =     82    ----
   CONSTANT SIZE    =   ----    ----
   XDATA SIZE       =   ----    ----
   PDATA SIZE       =   ----    ----
   DATA SIZE        =      2       4
C51 COMPILER V9.60.7.0   BUZZER                                                            09/04/2023 08:10:10 PAGE 2   

   IDATA SIZE       =   ----    ----
   BIT SIZE         =   ----    ----
END OF MODULE INFORMATION.


C51 COMPILATION COMPLETE.  0 WARNING(S),  0 ERROR(S)
