C51 COMPILER V9.60.7.0   MAIN                                                              08/11/2023 07:24:49 PAGE 1   


C51 COMPILER V9.60.7.0, COMPILATION OF MODULE MAIN
OBJECT MODULE PLACED IN .\Objects\main.obj
COMPILER INVOKED BY: D:\Keil_v5\C51\BIN\C51.EXE main.c OPTIMIZE(8,SPEED) BROWSE DEBUG OBJECTEXTEND PRINT(.\Listings\main
                    -.lst) OBJECT(.\Objects\main.obj)

line level    source

   1          // _nop_()延时一个机器周期
   2          #include <reg52.h>
   3          
   4          #include <intrins.h>
   5          #include "Delay.h"
   6          //#include "LCD1602.h"
   7          sbit PWM = P3^7;  //设定PWM输出的I/O端口
   8          sbit FAN = P3^1;  //K1开启风扇
   9          //sbit HED = P3^2;  //K2开启摇头
  10          sbit FAN_L = P3^6; //风扇低电平
  11          unsigned char count = 0;
  12          unsigned char timer1 ;
  13          //unsigned int IsFanRun = 0;//是否开风扇
  14          //unsigned int IsRouter = 0;//是否摇头
  15          /*
  16          对于180°舵机
  17          t = 0.5ms——————-舵机会转动 0 ° 
  18          t = 1.0ms——————-舵机会转动 45°
  19          t = 1.5ms——————-舵机会转动 90°
  20          t = 2.0ms——————-舵机会转动 135°
  21          t = 2.5ms——————-舵机会转动180
  22          */ 
  23          /*延时程序*/
  24          void delay1s(void)   //误差 0us
  25          {
  26   1          unsigned char a,b,c;
  27   1          for(c=167;c>0;c--)
  28   1              for(b=171;b>0;b--)
  29   1                  for(a=16;a>0;a--);
  30   1          _nop_();  //if Keil,require use intrins.h
  31   1      }
  32           
  33          /*定时器T0初始化*/
  34          void Timer0_Init()           
  35          {
  36   1          TMOD &= 0x00;
  37   1          TMOD |= 0x01; //定时器T0设置成方式1
  38   1       
  39   1          TH0 = 0xff;   //定时常数 0.1ms 晶振为11.0592MHz
  40   1          TL0 = 0xa4;
  41   1       
  42   1          ET0 = 1;      
  43   1          TR0 = 1; 
  44   1              EA=1; 
  45   1      }
  46                  
  47          /*T0中断初始化*/
  48          void Time0_Init() interrupt 1 
  49          {
  50   1              TR0 = 0; 
  51   1              TH0 = 0xff; // 0.1ms
  52   1              TL0 = 0xa4;
  53   1              
  54   1              if(count <= timer1) //5==0° 15==90°
C51 COMPILER V9.60.7.0   MAIN                                                              08/11/2023 07:24:49 PAGE 2   

  55   1              { 
  56   2                      PWM = 1; 
  57   2              }
  58   1              else 
  59   1              { 
  60   2                      PWM = 0; 
  61   2              }
  62   1              count++;
  63   1              if (count >= 200) //T = 20ms清零
  64   1              { 
  65   2                      count = 0; 
  66   2              }
  67   1              TR0 = 1; //开启T0
  68   1      }
  69          void main()
  70          {
  71   1              Timer0_Init();
  72   1              //LCD_Init();
  73   1              
  74   1              
  75   1              while(1)
  76   1              {
  77   2      //              if(IsRouter==1)
  78   2      //              {
  79   2      //                      //LCD_ShowString(2,1,"shake : ON");
  80   2                              timer1 =5;//舵机恢复到0°的位置
  81   2                              count=0;//让定时器重新计数
  82   2                              delay1s();
  83   2                              timer1 =15;//舵机旋转90°
  84   2                              count=0;
  85   2                              delay1s();
  86   2      //              }
  87   2      //              else
  88   2      //              {
  89   2      //                      //LCD_ShowString(1,1,"shake : OFF");
  90   2      //              }
  91   2      //              if(IsFanRun==1)
  92   2      //              {
  93   2      //                      FAN_L=0;
  94   2      //                      //LCD_ShowString(2,1,"fan : ON");
  95   2      //              }
  96   2      //              else
  97   2      //              {
  98   2      //                      FAN_L=1;
  99   2      //                      //LCD_ShowString(2,1,"fan : OFF");
 100   2      //              }
 101   2      //              if(HED==0)
 102   2      //              {
 103   2      //                      Delay(20);
 104   2      //                      while(HED==0);
 105   2      //                      Delay(20);
 106   2      //                      IsRouter = 1;
 107   2      //              }
 108   2      //              if(FAN==0)
 109   2      //              {
 110   2      //                      Delay(20);
 111   2      //                      while(FAN==0);
 112   2      //                      Delay(20);
 113   2      //                      IsFanRun = 1;
 114   2      //              }
 115   2                      if(FAN==0)
 116   2                      {
C51 COMPILER V9.60.7.0   MAIN                                                              08/11/2023 07:24:49 PAGE 3   

 117   3                              P2=0;
 118   3      //                      Delay(20);
 119   3      //                      while(FAN==0);
 120   3      //                      Delay(20);
 121   3      //                      FAN_L=~FAN_L;
 122   3                      }
 123   2      
 124   2              }
 125   1      }


MODULE INFORMATION:   STATIC OVERLAYABLE
   CODE SIZE        =    104    ----
   CONSTANT SIZE    =   ----    ----
   XDATA SIZE       =   ----    ----
   PDATA SIZE       =   ----    ----
   DATA SIZE        =      2    ----
   IDATA SIZE       =   ----    ----
   BIT SIZE         =   ----    ----
END OF MODULE INFORMATION.


C51 COMPILATION COMPLETE.  0 WARNING(S),  0 ERROR(S)
