C51 COMPILER V9.60.7.0   MAIN                                                              08/09/2023 12:09:09 PAGE 1   


C51 COMPILER V9.60.7.0, COMPILATION OF MODULE MAIN
OBJECT MODULE PLACED IN .\Objects\main.obj
COMPILER INVOKED BY: D:\Keil_v5\C51\BIN\C51.EXE main.c OPTIMIZE(8,SPEED) BROWSE DEBUG OBJECTEXTEND PRINT(.\Listings\main
                    -.lst) OBJECT(.\Objects\main.obj)

line level    source

   1          #include <REGX52.H>
   2          #include "MatrixKey.h"
   3          #include "LCD1602.h"
   4          unsigned char num = 0;
   5          void main()
   6          {
   7   1              LCD_Init();
   8   1              LCD_ShowString(1,1,"keypress is :");
   9   1              LCD_ShowString(2,11,"ZDXSDU");  
  10   1              while(1)
  11   1              {               
  12   2                      num = GetMatrixKey();
  13   2                      if(num)
  14   2                              LCD_ShowNum(2,1,num,2);
  15   2              }
  16   1      }


MODULE INFORMATION:   STATIC OVERLAYABLE
   CODE SIZE        =     53    ----
   CONSTANT SIZE    =     21    ----
   XDATA SIZE       =   ----    ----
   PDATA SIZE       =   ----    ----
   DATA SIZE        =      1    ----
   IDATA SIZE       =   ----    ----
   BIT SIZE         =   ----    ----
END OF MODULE INFORMATION.


C51 COMPILATION COMPLETE.  0 WARNING(S),  0 ERROR(S)
