C51 COMPILER V9.60.7.0   MATRIXKEY                                                         08/09/2023 14:03:54 PAGE 1   


C51 COMPILER V9.60.7.0, COMPILATION OF MODULE MATRIXKEY
OBJECT MODULE PLACED IN .\Objects\MatrixKey.obj
COMPILER INVOKED BY: D:\Keil_v5\C51\BIN\C51.EXE MatrixKey.c OPTIMIZE(8,SPEED) BROWSE DEBUG OBJECTEXTEND PRINT(.\Listings
                    -\MatrixKey.lst) OBJECT(.\Objects\MatrixKey.obj)

line level    source

   1          // Header:
   2          // File Name: 适用于普中开发板的矩阵键盘逐列扫描读取
   3          // Author:
   4          // Date:
   5          
   6          #include <REGX52.H>
   7          #include "Delay.h"
   8          
   9          unsigned char KeyNum;
  10          /**
  11            * @brief 矩阵键盘逐行读取按键键码
  12            * @param  无
  13            * @retval KeyNum(unsigned char) 被按下按键的键码值
  14            */
  15          unsigned char GetMatrixKey()
  16          {
  17   1              P1=0XFF;
  18   1              P1_3=0;
  19   1              if(P1_7==0) { Delay(20); while(P1_7==0); Delay(20); KeyNum=1; }
  20   1              if(P1_6==0) { Delay(20); while(P1_6==0); Delay(20); KeyNum=5; }
  21   1              if(P1_5==0) { Delay(20); while(P1_5==0); Delay(20); KeyNum=9; }
  22   1              if(P1_4==0) { Delay(20); while(P1_4==0); Delay(20); KeyNum=13; }
  23   1              
  24   1              P1=0XFF;
  25   1              P1_2=0;
  26   1              if(P1_7==0) { Delay(20); while(P1_7==0); Delay(20); KeyNum=2; }
  27   1              if(P1_6==0) { Delay(20); while(P1_6==0); Delay(20); KeyNum=6; }
  28   1              if(P1_5==0) { Delay(20); while(P1_5==0); Delay(20); KeyNum=10; }
  29   1              if(P1_4==0) { Delay(20); while(P1_4==0); Delay(20); KeyNum=14; }
  30   1              
  31   1              P1=0XFF;
  32   1              P1_1=0;
  33   1              if(P1_7==0) { Delay(20); while(P1_7==0); Delay(20); KeyNum=3; }
  34   1              if(P1_6==0) { Delay(20); while(P1_6==0); Delay(20); KeyNum=7; }
  35   1              if(P1_5==0) { Delay(20); while(P1_5==0); Delay(20); KeyNum=11; }
  36   1              if(P1_4==0) { Delay(20); while(P1_4==0); Delay(20); KeyNum=15; }
  37   1              
  38   1              P1=0XFF;
  39   1              P1_0=0;
  40   1              if(P1_7==0) { Delay(20); while(P1_7==0); Delay(20); KeyNum=4; }
  41   1              if(P1_6==0) { Delay(20); while(P1_6==0); Delay(20); KeyNum=8; }
  42   1              if(P1_5==0) { Delay(20); while(P1_5==0); Delay(20); KeyNum=12; }
  43   1              if(P1_4==0) { Delay(20); while(P1_4==0); Delay(20); KeyNum=16; }
  44   1              
  45   1              return KeyNum;
  46   1      }


MODULE INFORMATION:   STATIC OVERLAYABLE
   CODE SIZE        =    391    ----
   CONSTANT SIZE    =   ----    ----
   XDATA SIZE       =   ----    ----
   PDATA SIZE       =   ----    ----
   DATA SIZE        =      1    ----
C51 COMPILER V9.60.7.0   MATRIXKEY                                                         08/09/2023 14:03:54 PAGE 2   

   IDATA SIZE       =   ----    ----
   BIT SIZE         =   ----    ----
END OF MODULE INFORMATION.


C51 COMPILATION COMPLETE.  0 WARNING(S),  0 ERROR(S)
