C51 COMPILER V9.60.7.0   MAIN                                                              08/11/2023 17:07:06 PAGE 1   


C51 COMPILER V9.60.7.0, COMPILATION OF MODULE MAIN
OBJECT MODULE PLACED IN .\Objects\main.obj
COMPILER INVOKED BY: D:\Keil_v5\C51\BIN\C51.EXE main.c OPTIMIZE(8,SPEED) BROWSE DEBUG OBJECTEXTEND PRINT(.\Listings\main
                    -.lst) OBJECT(.\Objects\main.obj)

line level    source

   1          #include <REGX52.H>
   2          #include "Timer0.h"
   3          #include <INTRINS.H>
   4          #include "Delay.h"
   5          
   6          unsigned int LED_MODE = 0; // ÊéßÂà∂ÊµÅÊ∞¥ÁÅØÁöÑÊòæÁ§∫Ê®°Âºè
   7          void main()
   8          {
   9   1              P2 = 0x01;
  10   1              Timer0_Init();
  11   1              
  12   1              if(P3_1 == 0) //K1Êåâ‰∏ãÊéßÂà∂ÊµÅÊ∞¥ÁÅØÁöÑÊòæÁ§∫Ê®°Âºè
  13   1              {
  14   2                      Delay(20);
  15   2                      while(P3_1 == 0);
  16   2                      Delay(20);
  17   2                      LED_MODE++;
  18   2                      if(LED_MODE >= 2) LED_MODE = 0;
  19   2              }
  20   1              while(1);
  21   1      }
  22          void Timer0_Routine() interrupt 1
  23          {
  24   1              static unsigned int T0Count; // ÈùôÊÄÅÂèòÈáèÁî®‰∫éËÆ∞ÂΩï‰∏≠Êñ≠Ê¨°Êï∞
  25   1              // ÊØè‰∏ÄÊ¨°‰∏≠Êñ≠ÈÉΩÂ∞ÜÂÆöÊó∂Âô®ÁöÑÂàùÂßãÂÄºÈáçÊñ∞ËµãÂÄºÔºå‰ª•‰øùËØÅÊØèÊ¨°ÈÉΩÊòØ1ms‰∏≠Êñ≠
  26   1              TH0 = 0xFC;
  27   1              TL0 = 0x18;
  28   1              // ÊØè‰∏ÄÊ¨°‰∏≠Êñ≠Ôºà1MSÔºâÔºåÈÉΩÂ∞ÜT0CountËÆ°Êï∞Âô®Âä†‰∏ÄÔºåÁõ¥Âà∞Âä†Êª°1000MSËßÜ‰∏∫‰∏ÄÁßíÈíüÔºåÊ≠§Êó∂Ë¶
             -ÅÂ∞ÜT0CountËÆ°Êï∞Âô®ÁΩÆ0
  29   1              T0Count++;
  30   1              if(T0Count > 100)
  31   1              {
  32   2                      T0Count = 0;
  33   2                      /*
  34   2                      ËøôÈáåÊòØ‰∏≠Êñ≠Â§ÑÁêÜÁ®ãÂ∫è‰ª£Á†ÅÂå∫Âüü
  35   2                      */
  36   2                      if(LED_MODE==1) P2 = _crol_(P2,1);
  37   2                      if(LED_MODE==0) P2 = _cror_(P2,1);
  38   2              }
  39   1      }


MODULE INFORMATION:   STATIC OVERLAYABLE
   CODE SIZE        =    139    ----
   CONSTANT SIZE    =   ----    ----
   XDATA SIZE       =   ----    ----
   PDATA SIZE       =   ----    ----
   DATA SIZE        =      4    ----
   IDATA SIZE       =   ----    ----
   BIT SIZE         =   ----    ----
END OF MODULE INFORMATION.


C51 COMPILATION COMPLETE.  0 WARNING(S),  0 ERROR(S)
