C51 COMPILER V9.60.7.0   MAIN                                                              09/06/2023 17:58:04 PAGE 1   


C51 COMPILER V9.60.7.0, COMPILATION OF MODULE MAIN
OBJECT MODULE PLACED IN .\Objects\main.obj
COMPILER INVOKED BY: D:\Keil_v5\C51\BIN\C51.EXE main.c OPTIMIZE(8,SPEED) BROWSE DEBUG OBJECTEXTEND PRINT(.\Listings\main
                    -.lst) OBJECT(.\Objects\main.obj)

line level    source

   1          #include <STC89C5xRC.H>
   2          #include "Timer0.h"
   3          #include "Key.h"
   4          #include "Delay.h"
   5          sbit Motor = P1^0;
   6          void main(void)
   7          {
   8   1              while(1)
   9   1              {
  10   2                      
  11   2              }
  12   1      }
  13          void Timer0_Routine() interrupt 1
  14          {
  15   1              static unsigned int T0Count;
  16   1              TL0 = 0x18;             //设置定时初值
  17   1              TH0 = 0xFC;             //设置定时初值
  18   1              T0Count++;
  19   1              if(T0Count>=20)
  20   1              {
  21   2                      T0Count=0;
  22   2                      
  23   2              }
  24   1      }


MODULE INFORMATION:   STATIC OVERLAYABLE
   CODE SIZE        =     40    ----
   CONSTANT SIZE    =   ----    ----
   XDATA SIZE       =   ----    ----
   PDATA SIZE       =   ----    ----
   DATA SIZE        =      2    ----
   IDATA SIZE       =   ----    ----
   BIT SIZE         =   ----    ----
END OF MODULE INFORMATION.


C51 COMPILATION COMPLETE.  0 WARNING(S),  0 ERROR(S)
