C51 COMPILER V9.60.7.0   PWM                                                               09/08/2023 08:32:32 PAGE 1   


C51 COMPILER V9.60.7.0, COMPILATION OF MODULE PWM
OBJECT MODULE PLACED IN .\Objects\PWM.obj
COMPILER INVOKED BY: D:\Keil_v5\C51\BIN\C51.EXE PWM.c OPTIMIZE(8,SPEED) BROWSE DEBUG OBJECTEXTEND PRINT(.\Listings\PWM.l
                    -st) OBJECT(.\Objects\PWM.obj)

line level    source

   1          #include <STC89C5xRC.H>
   2          void Timer0_PWM_Init(void) // 100微秒@11.0592MHz
   3          {
   4   1              TMOD &= 0xF0; // 设置定时器模式
   5   1              TMOD |= 0x01; // 设置定时器模式
   6   1              TL0 = 0xA4; // 设置定时初始值
   7   1              TH0 = 0xFF; // 设置定时初始值
   8   1              TF0 = 0; // 清除TF0标志
   9   1              TR0 = 1; // 定时器0开始计时
  10   1              ET0 = 1; // 中断
  11   1              EA = 1; // 总中断使能
  12   1              PT0 = 0;// 优先级置于最低
  13   1      }


MODULE INFORMATION:   STATIC OVERLAYABLE
   CODE SIZE        =     23    ----
   CONSTANT SIZE    =   ----    ----
   XDATA SIZE       =   ----    ----
   PDATA SIZE       =   ----    ----
   DATA SIZE        =   ----    ----
   IDATA SIZE       =   ----    ----
   BIT SIZE         =   ----    ----
END OF MODULE INFORMATION.


C51 COMPILATION COMPLETE.  0 WARNING(S),  0 ERROR(S)
