C51 COMPILER V9.60.7.0   MAIN                                                              09/06/2023 17:45:05 PAGE 1   


C51 COMPILER V9.60.7.0, COMPILATION OF MODULE MAIN
OBJECT MODULE PLACED IN .\Objects\main.obj
COMPILER INVOKED BY: D:\Keil_v5\C51\BIN\C51.EXE main.c OPTIMIZE(8,SPEED) BROWSE DEBUG OBJECTEXTEND PRINT(.\Listings\main
                    -.lst) OBJECT(.\Objects\main.obj)

line level    source

   1          #include <STC89C5xRC.H>
   2          #include "Timer0.h"
   3          sbit LED = P2^0;
   4          void Delay(unsigned char t);
   5          void main(void)
   6          {
   7   1              unsigned char Time, i;
   8   1              while(1)
   9   1              {
  10   2                      for(Time = 0; Time < 100; Time++)
  11   2                      {
  12   3                              for(i = 0; i < 20; i++)
  13   3                              {
  14   4                                      LED = 0;
  15   4                                      Delay(Time);
  16   4                                      LED = 1;
  17   4                                      Delay(100 - Time);
  18   4                              }
  19   3                      }
  20   2                      for(Time = 100; Time > 0; Time--)
  21   2                      {
  22   3                              for(i = 0; i < 20; i++)
  23   3                              {
  24   4                                      LED = 0;
  25   4                                      Delay(Time);
  26   4                                      LED = 1;
  27   4                                      Delay(100 - Time);
  28   4                              }
  29   3                      }
  30   2              }
  31   1      }
  32          void Timer0_Routine() interrupt 1
  33          {
  34   1              static unsigned int T0Count; // é™æ€å˜é‡ç”¨äºŽè®°å½•ä¸­æ–­æ¬¡æ•°
  35   1              // æ¯ä¸€æ¬¡ä¸­æ–­éƒ½å°†å®šæ—¶å™¨çš„åˆå§‹å€¼é‡æ–°èµ‹å€¼ï¼Œä»¥ä¿è¯æ¯æ¬¡éƒ½æ˜¯1msä¸­æ–­
  36   1              TH0 = 0xFC;
  37   1              TL0 = 0x18;
  38   1              // æ¯ä¸€æ¬¡ä¸­æ–­ï¼ˆ1MSï¼‰ï¼Œéƒ½å°†T0Countè®¡æ•°å™¨åŠ ä¸€ï¼Œç›´åˆ°åŠ æ»¡1000MSè§†ä¸ºä¸€ç§’é’Ÿï¼Œæ­¤æ—¶è¦
             -å°†T0Countè®¡æ•°å™¨ç½®0
  39   1              T0Count++;
  40   1              if(T0Count > 1000)
  41   1              {
  42   2                      T0Count = 0;
  43   2                      
  44   2              }
  45   1      }
  46          void Delay(unsigned char t)
  47          {
  48   1              while(t--);
  49   1      }


MODULE INFORMATION:   STATIC OVERLAYABLE
   CODE SIZE        =    123    ----
C51 COMPILER V9.60.7.0   MAIN                                                              09/06/2023 17:45:05 PAGE 2   

   CONSTANT SIZE    =   ----    ----
   XDATA SIZE       =   ----    ----
   PDATA SIZE       =   ----    ----
   DATA SIZE        =      2       2
   IDATA SIZE       =   ----    ----
   BIT SIZE         =   ----    ----
END OF MODULE INFORMATION.


C51 COMPILATION COMPLETE.  0 WARNING(S),  0 ERROR(S)
