C51 COMPILER V9.60.7.0   MAIN                                                              09/06/2023 11:19:42 PAGE 1   


C51 COMPILER V9.60.7.0, COMPILATION OF MODULE MAIN
OBJECT MODULE PLACED IN .\Objects\main.obj
COMPILER INVOKED BY: D:\Keil_v5\C51\BIN\C51.EXE main.c OPTIMIZE(8,SPEED) BROWSE DEBUG OBJECTEXTEND PRINT(.\Listings\main
                    -.lst) OBJECT(.\Objects\main.obj)

line level    source

   1          #include <STC89C5xRC.H>
   2          #include "LCD1602OUEN.H"
   3          void main(void)
   4          {
   5   1              LCD_Init();
   6   1              LCD_ShowChar(1, 1, 0x41); // A
   7   1              LCD_ShowString(1, 3, "Zdx"); // ZDXsdu
   8   1              LCD_ShowUnsignedDECNumber(1, 7, 543, 4); // 0543
   9   1              LCD_ShowSignedDECNumber(1, 12, -7193, 4); // -7193
  10   1              LCD_ShowHexNum(2, 1, 220, 2); // DC
  11   1              LCD_ShowBinNumber(2, 4, 106, 8); // 0110 1010
  12   1              LCD_ShowChar(2, 13, 0xDF); // ℃
  13   1              LCD_ShowChar(2, 14, 0x43); // ℃
  14   1              while(1)
  15   1              {
  16   2                      
  17   2              }
  18   1      }


MODULE INFORMATION:   STATIC OVERLAYABLE
   CODE SIZE        =    101    ----
   CONSTANT SIZE    =      4    ----
   XDATA SIZE       =   ----    ----
   PDATA SIZE       =   ----    ----
   DATA SIZE        =   ----    ----
   IDATA SIZE       =   ----    ----
   BIT SIZE         =   ----    ----
END OF MODULE INFORMATION.


C51 COMPILATION COMPLETE.  0 WARNING(S),  0 ERROR(S)
