C51 COMPILER V9.60.7.0   MAIN                                                              09/14/2023 16:38:04 PAGE 1   


C51 COMPILER V9.60.7.0, COMPILATION OF MODULE MAIN
OBJECT MODULE PLACED IN .\Objects\main.obj
COMPILER INVOKED BY: D:\Keil_v5\C51\BIN\C51.EXE main.c OPTIMIZE(8,SPEED) BROWSE DEBUG OBJECTEXTEND PRINT(.\Listings\main
                    -.lst) OBJECT(.\Objects\main.obj)

line level    source

   1          #include <STC89C5xRC.H>
   2          #include "Delay.h"
   3          #include "LCD1602.h"
   4          #include "IR.h"
   5          unsigned char Num;
   6          unsigned char Address, Command;
   7          void main(void)
   8          {
   9   1              LCD_Init();
  10   1              IR_Init();
  11   1              LCD_ShowString(1, 1, "Add:");
  12   1              LCD_ShowString(1, 11, "Com:");
  13   1              LCD_ShowString(2, 1, "Speed:");
  14   1              LCD_ShowNum(2, 7, Num, 3);
  15   1              while(1)
  16   1              {
  17   2                      if(IR_GetDataFalg() || IR_GetRepeatFlag())
  18   2                      {
  19   3                              Address = IR_GetAddress();
  20   3                              Command = IR_GetCommand();
  21   3                              LCD_ShowHexNum(1, 5, Address, 2);
  22   3                              LCD_ShowHexNum(1, 15, Command, 2);
  23   3                              if(Command == IRRC_VOL_MINISH)
  24   3                                      Num--;
  25   3                              if(Command == IRRC_VOL_ENLARGE)
  26   3                                      Num++;
  27   3                              LCD_ShowNum(2, 7, Num, 3);
  28   3                      }
  29   2              }
  30   1      }


MODULE INFORMATION:   STATIC OVERLAYABLE
   CODE SIZE        =    143    ----
   CONSTANT SIZE    =     17    ----
   XDATA SIZE       =   ----    ----
   PDATA SIZE       =   ----    ----
   DATA SIZE        =      3    ----
   IDATA SIZE       =   ----    ----
   BIT SIZE         =   ----    ----
END OF MODULE INFORMATION.


C51 COMPILATION COMPLETE.  0 WARNING(S),  0 ERROR(S)
