C51 COMPILER V9.60.7.0   TIMER0                                                            09/15/2023 08:23:18 PAGE 1   


C51 COMPILER V9.60.7.0, COMPILATION OF MODULE TIMER0
OBJECT MODULE PLACED IN .\Objects\Timer0.obj
COMPILER INVOKED BY: D:\Keil_v5\C51\BIN\C51.EXE Timer0.c OPTIMIZE(8,SPEED) BROWSE DEBUG OBJECTEXTEND PRINT(.\Listings\Ti
                    -mer0.lst) OBJECT(.\Objects\Timer0.obj)

line level    source

   1          #include <STC89C5xRC.H>
   2          /**
   3            * @brief 定时器0的1毫秒*1000=1秒定时器通用初始化函数
   4            * @param  无
   5            * @retval 无
   6            */
   7          void Timer0_Init()
   8          {
   9   1              // 在不改变定时器1的前提下配置定时器0的模式寄存器TMOD（不可位寻址）
  10   1              TMOD &= 0xF0;
  11   1              TMOD |= 0x01;   
  12   1              // 配置定时器的初始值（高4位+低4位）
  13   1              TH0 = 0xFC; // DEC[(65535-1000)/16^2]=>HEX 取出高位
  14   1              TL0 = 0x18; // DEC[(65535-1000)%16^2]=>HEX 取出低位
  15   1              // 配置定时器0的控制寄存器TCON（可位寻址）
  16   1              TF0 = 0; // 溢出中断标志置于0，防止定时器刚一启动就中断
  17   1              TR0 = 0; // 运行控制位，初始化时不允许T0计时
  18   1      }
  19          /**
  20          * @brief 将定时器改装成计时器
  21          * @param  Value 要计时的时间
  22          * @retval 无
  23          * @interpretation  描述
  24          */
  25          void Timer0_SetCounter(unsigned int Value)
  26          {
  27   1              TH0 = Value / 256;
  28   1              TL0 = Value % 256;
  29   1      }
  30          /**
  31          * @brief 取出定时器的值
  32          * @param  无
  33          * @retval 定时器的值
  34          * @interpretation  描述
  35          */
  36          unsigned int Timer0_GetCounter(void)
  37          {
  38   1              return (TH0 << 8) | TL0;
  39   1      }
  40          /**
  41          * @brief 控制定时器启停
  42          * @param  Flag 定时器运行的标识位，为真时运行
  43          * @retval 定时器的值
  44          * @interpretation  描述
  45          */
  46          void Timer0_Run(unsigned char Flag)
  47          {
  48   1              TR0 = Flag;
  49   1      }


MODULE INFORMATION:   STATIC OVERLAYABLE
   CODE SIZE        =     43    ----
   CONSTANT SIZE    =   ----    ----
C51 COMPILER V9.60.7.0   TIMER0                                                            09/15/2023 08:23:18 PAGE 2   

   XDATA SIZE       =   ----    ----
   PDATA SIZE       =   ----    ----
   DATA SIZE        =   ----    ----
   IDATA SIZE       =   ----    ----
   BIT SIZE         =   ----    ----
END OF MODULE INFORMATION.


C51 COMPILATION COMPLETE.  0 WARNING(S),  0 ERROR(S)
