C51 COMPILER V9.60.7.0   MAIN                                                              09/01/2023 15:41:29 PAGE 1   


C51 COMPILER V9.60.7.0, COMPILATION OF MODULE MAIN
OBJECT MODULE PLACED IN .\Objects\main.obj
COMPILER INVOKED BY: D:\Keil_v5\C51\BIN\C51.EXE main.c OPTIMIZE(8,SPEED) BROWSE DEBUG OBJECTEXTEND PRINT(.\Listings\main
                    -.lst) OBJECT(.\Objects\main.obj)

line level    source

   1          #include <REGX52.H>
   2          #include "DS18B20.h"
   3          #include "Delay.h"
   4          #include "LCD1602.h"
   5          #include "OneWire.h"
   6          float Temperature;
   7          void main(void)
   8          {
   9   1      
  10   1              LCD_Init();
  11   1              LCD_ShowString(1, 1, "temperature:");
  12   1              while(1)
  13   1              {
  14   2                      DS18B20_ConvertT();
  15   2                      Temperature = DS18B20_ReadT();
  16   2                      if(Temperature < 0) 
  17   2                      {
  18   3                              LCD_ShowChar(2, 1, '-');
  19   3                              Temperature = -Temperature;
  20   3                      }
  21   2                      else
  22   2                      {
  23   3                              LCD_ShowChar(2, 1, '+');
  24   3                      }
  25   2                      LCD_ShowNum(2, 2, Temperature, 3);
  26   2                      LCD_ShowChar(2, 5, '.');
  27   2                      LCD_ShowNum(2, 6, (unsigned long)(Temperature * 10000) % 10000, 3);
  28   2                      Delay(1000);
  29   2              }
  30   1      }


MODULE INFORMATION:   STATIC OVERLAYABLE
   CODE SIZE        =    173    ----
   CONSTANT SIZE    =     13    ----
   XDATA SIZE       =   ----    ----
   PDATA SIZE       =   ----    ----
   DATA SIZE        =      4    ----
   IDATA SIZE       =   ----    ----
   BIT SIZE         =   ----    ----
END OF MODULE INFORMATION.


C51 COMPILATION COMPLETE.  0 WARNING(S),  0 ERROR(S)
