C51 COMPILER V9.60.7.0   MAIN                                                              09/13/2023 14:02:31 PAGE 1   


C51 COMPILER V9.60.7.0, COMPILATION OF MODULE MAIN
OBJECT MODULE PLACED IN .\Objects\main.obj
COMPILER INVOKED BY: D:\Keil_v5\C51\BIN\C51.EXE main.c OPTIMIZE(8,SPEED) BROWSE DEBUG OBJECTEXTEND PRINT(.\Listings\main
                    -.lst) OBJECT(.\Objects\main.obj)

line level    source

   1          #include <STC89C5xRC.H>
   2          //#include "Timer0.h"
   3          //#include "Key.h"
   4          #include "Delay.h"
   5          //#include "Nixie.h"
   6          #include "PWM.h"
   7          sbit DA = P2^1;
   8          unsigned char Counter, Compare; // 定义计数器和比较值
   9          unsigned char i;
  10          void main(void)
  11          {
  12   1              Timer0_PWM_Init();
  13   1              while(1)
  14   1              {
  15   2                      for(i = 0; i < 10; i++)
  16   2                      {
  17   3                              Compare = i;
  18   3                              Delay(10);
  19   3                      }
  20   2                      for(i = 100; i > 0; i--)
  21   2                      {
  22   3                              Compare = i;
  23   3                              Delay(10);
  24   3                      }
  25   2              }
  26   1      }
  27          void Timer0_Routine() interrupt 1
  28          {       
  29   1              TL0 = 0xA4;
  30   1              TH0 = 0xFF;
  31   1              Counter++;
  32   1              Counter %= 100;
  33   1              if(Counter < Compare)   
  34   1                      DA = 1; 
  35   1              else 
  36   1                      DA = 0;
  37   1      }


MODULE INFORMATION:   STATIC OVERLAYABLE
   CODE SIZE        =     92    ----
   CONSTANT SIZE    =   ----    ----
   XDATA SIZE       =   ----    ----
   PDATA SIZE       =   ----    ----
   DATA SIZE        =      3    ----
   IDATA SIZE       =   ----    ----
   BIT SIZE         =   ----    ----
END OF MODULE INFORMATION.


C51 COMPILATION COMPLETE.  0 WARNING(S),  0 ERROR(S)
