C51 COMPILER V9.60.7.0   MAIN                                                              08/16/2023 16:25:30 PAGE 1   


C51 COMPILER V9.60.7.0, COMPILATION OF MODULE MAIN
OBJECT MODULE PLACED IN .\Objects\main.obj
COMPILER INVOKED BY: D:\Keil_v5\C51\BIN\C51.EXE main.c OPTIMIZE(8,SPEED) BROWSE DEBUG OBJECTEXTEND PRINT(.\Listings\main
                    -.lst) OBJECT(.\Objects\main.obj)

line level    source

   1          #include <REGX52.H>
   2          #include "Delay.h"
   3          #include "DS1302.h"
   4          #include "LCD1602.h"
   5          void main()
   6          {
   7   1              LCD_Init();
   8   1              DS1302_Init();
   9   1              // 2023-08-16 Week3
  10   1              // 13:20:35  ZDXSDU
  11   1              LCD_ShowString(1, 1, "20  -  -   Week");
  12   1              LCD_ShowString(2, 1, "  :  :    ZDXSDU");
  13   1              DS1302_SetTime();
  14   1              while(1)
  15   1              {
  16   2                      DS1302_GetTime();
  17   2                      LCD_ShowNum(1,3,DS1302_Time[0],2); // 年
  18   2                      LCD_ShowNum(1,6,DS1302_Time[1],2); // 月
  19   2                      LCD_ShowNum(1,9,DS1302_Time[2],2); // 日
  20   2                      LCD_ShowNum(2,1,DS1302_Time[3],2); // 时
  21   2                      LCD_ShowNum(2,4,DS1302_Time[4],2); // 分
  22   2                      LCD_ShowNum(2,7,DS1302_Time[5],2); // 秒
  23   2                      LCD_ShowNum(1,16,DS1302_Time[6],1); // 周
  24   2                      Delay(300);
  25   2              }
  26   1      }


MODULE INFORMATION:   STATIC OVERLAYABLE
   CODE SIZE        =    152    ----
   CONSTANT SIZE    =     33    ----
   XDATA SIZE       =   ----    ----
   PDATA SIZE       =   ----    ----
   DATA SIZE        =   ----    ----
   IDATA SIZE       =   ----    ----
   BIT SIZE         =   ----    ----
END OF MODULE INFORMATION.


C51 COMPILATION COMPLETE.  0 WARNING(S),  0 ERROR(S)
