C51 COMPILER V9.60.7.0   MAIN                                                              08/17/2023 14:48:47 PAGE 1   


C51 COMPILER V9.60.7.0, COMPILATION OF MODULE MAIN
OBJECT MODULE PLACED IN .\Objects\main.obj
COMPILER INVOKED BY: D:\Keil_v5\C51\BIN\C51.EXE main.c OPTIMIZE(8,SPEED) BROWSE DEBUG OBJECTEXTEND PRINT(.\Listings\main
                    -.lst) OBJECT(.\Objects\main.obj)

line level    source

   1          #define IDL_    0x01
   2          #define STOP_   0x02
   3          #define PD_     0x02 
   4          #define GF0_    0x04
   5          #define GF1_    0x08
   6          #define SMOD_   0x80
   7          #define T0_M0_   0x01
   8          #define T0_M1_   0x02
   9          #define T0_CT_   0x04
  10          #define T0_GATE_ 0x08
  11          #define T1_M0_   0x10
  12          #define T1_M1_   0x20
  13          #define T1_CT_   0x40
  14          #define T1_GATE_ 0x80
  15          #define T1_MASK_ 0xF0
  16          #define T0_MASK_ 0x0F
  17          #define DCEN_   0x01    
  18          #define T2OE_   0x02
  19          #define IE0_VECTOR      0 
  20          #define TF0_VECTOR      1
  21          #define IE1_VECTOR      2
  22          #define TF1_VECTOR      3
  23          #define SIO_VECTOR      4
  24          #define TF2_VECTOR      5
  25          #define EX2_VECTOR      5
  26          #define LCD_DataPort P0
  27          #define DS1302_Second_Write 0x80
  28          #define DS1302_Minute_Write 0x82
  29          #define DS1302_Hour_Write 0x84
  30          #define DS1302_Day_Write 0x86
  31          #define DS1302_Month_Write 0x88
  32          #define DS1302_Week_Write 0x8A
  33          #define DS1302_Year_Write 0x8C
  34          #define DS1302_WP 0x8E
  35          sfr P0      = 0x80;
  36          sfr SP      = 0x81;
  37          sfr DPL     = 0x82;
  38          sfr DPH     = 0x83;
  39          sfr PCON    = 0x87;
  40          sfr TCON    = 0x88;
  41          sfr TMOD    = 0x89;
  42          sfr TL0     = 0x8A;
  43          sfr TL1     = 0x8B;
  44          sfr TH0     = 0x8C;
  45          sfr TH1     = 0x8D;
  46          sfr P1      = 0x90;
  47          sfr SCON    = 0x98;
  48          sfr SBUF    = 0x99;
  49          sfr P2      = 0xA0;
  50          sfr IE      = 0xA8;
  51          sfr P3      = 0xB0;
  52          sfr IP      = 0xB8;
  53          sfr T2CON   = 0xC8;
  54          sfr T2MOD   = 0xC9;
C51 COMPILER V9.60.7.0   MAIN                                                              08/17/2023 14:48:47 PAGE 2   

  55          sfr RCAP2L  = 0xCA;
  56          sfr RCAP2H  = 0xCB;
  57          sfr TL2     = 0xCC;
  58          sfr TH2     = 0xCD;
  59          sfr PSW     = 0xD0;
  60          sfr ACC     = 0xE0;
  61          sfr B       = 0xF0;
  62          sbit P0_0 = 0x80;
  63          sbit P0_1 = 0x81;
  64          sbit P0_2 = 0x82;
  65          sbit P0_3 = 0x83;
  66          sbit P0_4 = 0x84;
  67          sbit P0_5 = 0x85;
  68          sbit P0_6 = 0x86;
  69          sbit P0_7 = 0x87;
  70          sbit IT0  = 0x88;
  71          sbit IE0  = 0x89;
  72          sbit IT1  = 0x8A;
  73          sbit IE1  = 0x8B;
  74          sbit TR0  = 0x8C;
  75          sbit TF0  = 0x8D;
  76          sbit TR1  = 0x8E;
  77          sbit TF1  = 0x8F;
  78          sbit P1_0 = 0x90;
  79          sbit P1_1 = 0x91;
  80          sbit P1_2 = 0x92;
  81          sbit P1_3 = 0x93;
  82          sbit P1_4 = 0x94;
  83          sbit P1_5 = 0x95;
  84          sbit P1_6 = 0x96;
  85          sbit P1_7 = 0x97;
  86          sbit T2   = 0x90;
  87          sbit T2EX = 0x91;
  88          sbit RI   = 0x98;
  89          sbit TI   = 0x99;
  90          sbit RB8  = 0x9A;
  91          sbit TB8  = 0x9B;
  92          sbit REN  = 0x9C;
  93          sbit SM2  = 0x9D;
  94          sbit SM1  = 0x9E;
  95          sbit SM0  = 0x9F;
  96          sbit P2_0 = 0xA0;
  97          sbit P2_1 = 0xA1;
  98          sbit P2_2 = 0xA2;
  99          sbit P2_3 = 0xA3;
 100          sbit P2_4 = 0xA4;
 101          sbit P2_5 = 0xA5;
 102          sbit P2_6 = 0xA6;
 103          sbit P2_7 = 0xA7;
 104          sbit EX0  = 0xA8;
 105          sbit ET0  = 0xA9;
 106          sbit EX1  = 0xAA;
 107          sbit ET1  = 0xAB;
 108          sbit ES   = 0xAC;
 109          sbit ET2  = 0xAD;
 110          sbit EA   = 0xAF;
 111          sbit P3_0 = 0xB0;
 112          sbit P3_1 = 0xB1;
 113          sbit P3_2 = 0xB2;
 114          sbit P3_3 = 0xB3;
 115          sbit P3_4 = 0xB4;
 116          sbit P3_5 = 0xB5;
C51 COMPILER V9.60.7.0   MAIN                                                              08/17/2023 14:48:47 PAGE 3   

 117          sbit P3_6 = 0xB6;
 118          sbit P3_7 = 0xB7;
 119          sbit RXD  = 0xB0;      
 120          sbit TXD  = 0xB1;       
 121          sbit INT0 = 0xB2;       
 122          sbit INT1 = 0xB3;       
 123          sbit T0   = 0xB4;       
 124          sbit T1   = 0xB5;       
 125          sbit WR   = 0xB6;       
 126          sbit RD   = 0xB7;       
 127          sbit PX0  = 0xB8;
 128          sbit PT0  = 0xB9;
 129          sbit PX1  = 0xBA;
 130          sbit PT1  = 0xBB;
 131          sbit PS   = 0xBC;
 132          sbit PT2  = 0xBD;
 133          sbit CP_RL2= 0xC8;      
 134          sbit C_T2 = 0xC9;       
 135          sbit TR2  = 0xCA;       
 136          sbit EXEN2= 0xCB;       
 137          sbit TCLK = 0xCC;       
 138          sbit RCLK = 0xCD;       
 139          sbit EXF2 = 0xCE;       
 140          sbit TF2  = 0xCF;
 141          sbit P    = 0xD0;
 142          sbit F1   = 0xD1;
 143          sbit OV   = 0xD2;
 144          sbit RS0  = 0xD3;
 145          sbit RS1  = 0xD4;
 146          sbit F0   = 0xD5;
 147          sbit AC   = 0xD6;
 148          sbit CY   = 0xD7;
 149          sbit DS1302_SCLK = P3^6;
 150          sbit DS1302_IO = P3^4;
 151          sbit DS1302_CE = P3^5;
 152          sbit LCD_RS=P2^6;
 153          sbit LCD_RW=P2^5;
 154          sbit LCD_EN=P2^7;
 155          unsigned char KeyNum;
 156          unsigned char MODE;
 157          unsigned char TimeSetSelect;
 158          unsigned char TimeSetFlashFlag;
 159          unsigned char DS1302_Time[] = {23, 8, 16, 14, 4, 00, 3};
 160          unsigned char Key();
 161          unsigned char DS1302_ReadByte(unsigned char Command);
 162          int LCD_Pow(int X, int Y);
 163          void TimeShow(void);
 164          void TimeSet(void);
 165          void LCD_Init();
 166          void LCD_ShowBinNum(unsigned char Line, unsigned char Column, unsigned int Number, unsigned char Length);
 167          void LCD_ShowHexNum(unsigned char Line, unsigned char Column, unsigned int Number, unsigned char Length);
 168          void LCD_ShowSignedNum(unsigned char Line, unsigned char Column, int Number, unsigned char Length);
 169          void LCD_ShowNum(unsigned char Line, unsigned char Column, unsigned int Number, unsigned char Length);
 170          void LCD_ShowString(unsigned char Line, unsigned char Column, char *String);
 171          void LCD_ShowChar(unsigned char Line, unsigned char Column, char Char);
 172          void LCD_SetCursor(unsigned char Line, unsigned char Column);
 173          void LCD_WriteData(unsigned char Data);
 174          void LCD_WriteCommand(unsigned char Command);
 175          void LCD_Delay();
 176          void Timer0_Init();
 177          void DS1302_GetTime(void);
 178          void DS1302_SetTime(void);
C51 COMPILER V9.60.7.0   MAIN                                                              08/17/2023 14:48:47 PAGE 4   

 179          void Delay(unsigned int xms);
 180          void DS1302_Init(void);
 181          void DS1302_WriteByte(unsigned char Command, Data);
 182          /* ã€ŠæŒ‰é”®è°ƒæ—¶ã€‹
 183          * K1: åˆ‡æ¢æ—¶é’Ÿæ¨¡å¼[æ˜¾ç¤º<=>è®¾ç½®]ã€‚æŒ‰é”®å°†æ”¹å˜MODEå€¼ï¼Œæ ¹æ®MODEå€¼è°ƒç”¨ä¸åŒçš„å‡½æ•°[Ti
             -meShow()<=>TimeSet()]
 184          * K2: æ—¶é’Ÿè®¾ç½®é€‰æ‹©ä½[Y<=>M<=>D<=>H<=>M<=>S]
 185          * K3: åŠ 
 186          * K4: å‡
 187          */
 188          void main()
 189          {
 190   1              Timer0_Init();
 191   1              LCD_Init();
 192   1              DS1302_Init();
 193   1              // 2023-08-16 Week3
 194   1              // 13:20:35  ZDXSDU
 195   1              LCD_ShowString(1, 1, "20  -  -   Week");
 196   1              LCD_ShowString(2, 1, "  :  :    ZDXSDU");
 197   1              DS1302_SetTime();
 198   1              while(1)
 199   1              {
 200   2                      KeyNum = Key();
 201   2                      if(KeyNum == 1)
 202   2                      {                       
 203   3                              if(MODE == 0) MODE = 1;
 204   3                              else if(MODE == 1)
 205   3                              {
 206   4                                      MODE = 0;
 207   4                                      DS1302_SetTime();
 208   4                              }                               
 209   3                      }               
 210   2                      switch(MODE)
 211   2                      {
 212   3                              case 0 : 
 213   3                                      TimeShow(); 
 214   3                                      LCD_ShowString(1, 12, "week");
 215   3                                      break;
 216   3                              case 1 : 
 217   3                                      TimeSet();
 218   3                                      LCD_ShowString(1, 12, " set");
 219   3                                      break;
 220   3                      }
 221   2              }
 222   1      }
 223          /**
 224          * @brief è¯»å–DS1302çš„æ—¶é—´ï¼Œå¹¶æ˜¾ç¤ºåœ¨LCD1602ä¸Š
 225          * @param  æ— 
 226          * @retval æ— 
 227          * @interpretation  æè¿°
 228          */
 229          void TimeShow(void)
 230          {
 231   1              DS1302_GetTime();
 232   1              LCD_ShowNum(1,3,DS1302_Time[0],2); // å¹´
 233   1              LCD_ShowNum(1,6,DS1302_Time[1],2); // æœˆ
 234   1              LCD_ShowNum(1,9,DS1302_Time[2],2); // æ—¥
 235   1              LCD_ShowNum(2,1,DS1302_Time[3],2); // æ—¶
 236   1              LCD_ShowNum(2,4,DS1302_Time[4],2); // åˆ†
 237   1              LCD_ShowNum(2,7,DS1302_Time[5],2); // ç§’
 238   1              LCD_ShowNum(1,16,DS1302_Time[6],1); // å‘¨
 239   1      }
C51 COMPILER V9.60.7.0   MAIN                                                              08/17/2023 14:48:47 PAGE 5   

 240          /**
 241          * @brief è®¾ç½®æ—¶é’Ÿ
 242          * @param  æ— 
 243          * @retval æ— 
 244          * @interpretation  æè¿°
 245          */
 246          void TimeSet(void)
 247          {
 248   1              if(KeyNum == 2) // é€‰æ‹©è¦è°ƒæ•´çš„é¡¹ç›®ï¼Œ0~5ä¾æ¬¡åˆ†åˆ«å¯¹åº”å¹´æœˆæ—¥æ—¶åˆ†ç§’åŒæ—¶å¯¹åº”DS1302_T
             -imeçš„index
 249   1              {
 250   2                      TimeSetSelect++;
 251   2                      TimeSetSelect %= 7; // è¶Šç•Œæ¸…é›¶ç›¸å½“äºif(TimeSetSelect > 6) TimeSetSelect = 0;
 252   2              }
 253   1              if(KeyNum == 3) // å¯¹é€‰ä¸­çš„å€¼è¿›è¡ŒåŠ 1
 254   1              {
 255   2                      DS1302_Time[TimeSetSelect]++;
 256   2                      // åˆæ³•æ€§åˆ¤æ–­
 257   2                      if(DS1302_Time[0] > 99) DS1302_Time[0] = 0;
 258   2                      if(DS1302_Time[1] > 12) DS1302_Time[1] = 1;
 259   2                      if(DS1302_Time[1] == 1 || DS1302_Time[1] == 3 || DS1302_Time[1] == 5 || DS1302_Time[1] == 7 || DS1302_Ti
             -me[1] == 8 || DS1302_Time[1] == 10 || DS1302_Time[1] == 12)
 260   2                      {
 261   3                              if(DS1302_Time[2] > 31) DS1302_Time[2] = 1;
 262   3                      }
 263   2                      else if(DS1302_Time[1] == 4 || DS1302_Time[1] == 6 || DS1302_Time[1] == 9 || DS1302_Time[1] == 11)
 264   2                      {
 265   3                              if(DS1302_Time[2] > 30) DS1302_Time[2] = 1;
 266   3                      }
 267   2                      else if(DS1302_Time[1] == 2)
 268   2                      {
 269   3                              if(DS1302_Time[0] % 4 == 0)
 270   3                              { 
 271   4                                      if(DS1302_Time[2] > 29) DS1302_Time[2] = 1;
 272   4                              }
 273   3                              else
 274   3                              {
 275   4                                      if(DS1302_Time[2] > 28) DS1302_Time[2] = 1;
 276   4                              }
 277   3                      }
 278   2                      if(DS1302_Time[3] > 23) DS1302_Time[3] = 0;
 279   2                      if(DS1302_Time[4] > 59) DS1302_Time[4] = 0;
 280   2                      if(DS1302_Time[5] > 59) DS1302_Time[5] = 0;
 281   2                      if(DS1302_Time[6] > 7) DS1302_Time[6] = 1;
 282   2              }
 283   1              if(KeyNum == 4) // é˜Ÿé€‰ä¸­çš„å€¼è¿›è¡Œå‡1
 284   1              {
 285   2                      DS1302_Time[TimeSetSelect]--;
 286   2                      // åˆæ³•æ€§åˆ¤æ–­ï¼Œç”±äºä½¿ç”¨çš„æ˜¯æ— ç¬¦å·çš„æ•°æ®ç±»å‹ å› æ­¤å½“å‡åˆ°0å†å‡1æ—¶ ç»“æœä¸æ˜¯-
             -1 è€Œæ˜¯255ï¼Œæ‰€ä»¥è¿™é‡Œè¦ç”¨>100æ¥åˆ¤æ–­
 287   2                      if(DS1302_Time[0] > 100) DS1302_Time[0] = 99;
 288   2                      // æœˆä»½çš„åˆæ³•æ€§åˆ¤æ–­ä¸­è¿˜éœ€è¦åŒ…å«å¯¹æ—¥æœŸçš„åˆ‡æ¢
 289   2                      if(DS1302_Time[1] == 0) DS1302_Time[1] = 12;            
 290   2                      if(DS1302_Time[1] == 1 || DS1302_Time[1] == 3 || DS1302_Time[1] == 5 || DS1302_Time[1] == 7 || DS1302_Ti
             -me[1] == 8 || DS1302_Time[1] == 10 || DS1302_Time[1] == 12)
 291   2                      {
 292   3                              if(DS1302_Time[2] == 0) DS1302_Time[2] = 31;
 293   3                              if(DS1302_Time[2] > 31) DS1302_Time[2] = 1;
 294   3                      }
 295   2                      else if(DS1302_Time[1] == 4 || DS1302_Time[1] == 6 || DS1302_Time[1] == 9 || DS1302_Time[1] == 11)
 296   2                      {
 297   3                              if(DS1302_Time[2] == 0) DS1302_Time[2] = 30;
C51 COMPILER V9.60.7.0   MAIN                                                              08/17/2023 14:48:47 PAGE 6   

 298   3                              if(DS1302_Time[2] > 30) DS1302_Time[2] = 1;
 299   3                      }
 300   2                      else if(DS1302_Time[1] == 2)
 301   2                      {
 302   3                              if(DS1302_Time[0] % 4 == 0)
 303   3                              { 
 304   4                                      if(DS1302_Time[2] == 0) DS1302_Time[2] = 29;
 305   4                                      if(DS1302_Time[2] > 29) DS1302_Time[2] = 1;
 306   4                              }
 307   3                              else
 308   3                              {
 309   4                                      if(DS1302_Time[2] == 0) DS1302_Time[2] = 28;
 310   4                                      if(DS1302_Time[2] > 28) DS1302_Time[2] = 1;
 311   4                              }
 312   3                      }
 313   2                      if(DS1302_Time[3] > 100) DS1302_Time[3] = 23;
 314   2                      if(DS1302_Time[4] > 100) DS1302_Time[4] = 59;
 315   2                      if(DS1302_Time[5] > 100) DS1302_Time[5] = 59;
 316   2                      if(DS1302_Time[6] == 0) DS1302_Time[6] = 7;
 317   2              }
 318   1              // åŠ å‡å®Œæˆåéœ€è¦å¯¹LCDè¿›è¡Œé‡æ–°æ˜¾ç¤ºä½†ä¸é‡æ–°è¯·æ±‚DS1302
 319   1              // å¦‚æœå½“å‰çš„è¢«é€‰ä¸­äº†ï¼Œå¹¶ä¸”æ•°å­—é—ªçƒçš„æ ‡è¯†ä½ä¸ºçœŸï¼Œåˆ™ä¸æ˜¾ç¤ºè¯¥æ•°å­—ï¼Œåä¹‹åˆ™
             -æ˜¾ç¤º
 320   1              if(TimeSetSelect == 0 && TimeSetFlashFlag == 1)
 321   1              {
 322   2                      LCD_ShowString(1, 3, "  ");
 323   2              }
 324   1              else
 325   1              {
 326   2                      LCD_ShowNum(1,3,DS1302_Time[0],2); // å¹´
 327   2              }       
 328   1              if(TimeSetSelect == 1 && TimeSetFlashFlag == 1)
 329   1              {
 330   2                      LCD_ShowString(1, 6, "  ");
 331   2              }
 332   1              else
 333   1              {
 334   2                      LCD_ShowNum(1,6,DS1302_Time[1],2); // æœˆ
 335   2              }
 336   1              if(TimeSetSelect == 2 && TimeSetFlashFlag == 1)
 337   1              {
 338   2                      LCD_ShowString(1, 9, "  ");
 339   2              }
 340   1              else
 341   1              {
 342   2                      LCD_ShowNum(1,9,DS1302_Time[2],2); // æ—¥
 343   2              }
 344   1              if(TimeSetSelect == 3 && TimeSetFlashFlag == 1)
 345   1              {
 346   2                      LCD_ShowString(2, 1, "  ");
 347   2              }
 348   1              else
 349   1              {
 350   2                      LCD_ShowNum(2,1,DS1302_Time[3],2); // æ—¶
 351   2              }
 352   1              if(TimeSetSelect == 4 && TimeSetFlashFlag == 1)
 353   1              {
 354   2                      LCD_ShowString(2, 4, "  ");
 355   2              }
 356   1              else
 357   1              {
 358   2                      LCD_ShowNum(2,4,DS1302_Time[4],2); // åˆ†
C51 COMPILER V9.60.7.0   MAIN                                                              08/17/2023 14:48:47 PAGE 7   

 359   2              }
 360   1              if(TimeSetSelect == 5 && TimeSetFlashFlag == 1)
 361   1              {
 362   2                      LCD_ShowString(2, 7, "  ");
 363   2              }
 364   1              else
 365   1              {
 366   2                      LCD_ShowNum(2,7,DS1302_Time[5],2); // ç§’
 367   2              }
 368   1              if(TimeSetSelect == 6 && TimeSetFlashFlag == 1)
 369   1              {
 370   2                      LCD_ShowString(1, 16, "  ");
 371   2              }
 372   1              else
 373   1              {
 374   2                      LCD_ShowNum(1,16,DS1302_Time[6],1); // å‘¨
 375   2              }
 376   1      }
 377          /**
 378          * @brief å®šæ—¶å™¨0çš„ä¸­æ–­å‡½æ•°
 379          * @param  æ— 
 380          * @retval æ— 
 381          * @interpretation  æè¿°
 382          */
 383          void Timer0_Routine() interrupt 1
 384          {
 385   1              static unsigned int T0Count; // é™æ€å˜é‡ç”¨äºè®°å½•ä¸­æ–­æ¬¡æ•°
 386   1              // æ¯ä¸€æ¬¡ä¸­æ–­éƒ½å°†å®šæ—¶å™¨çš„åˆå§‹å€¼é‡æ–°èµ‹å€¼ï¼Œä»¥ä¿è¯æ¯æ¬¡éƒ½æ˜¯1msä¸­æ–­
 387   1              TH0 = 0xFC;
 388   1              TL0 = 0x18;
 389   1              // æ¯ä¸€æ¬¡ä¸­æ–­ï¼ˆ1MSï¼‰ï¼Œéƒ½å°†T0Countè®¡æ•°å™¨åŠ ä¸€ï¼Œç›´åˆ°åŠ æ»¡1000MSè§†ä¸ºä¸€ç§’é’Ÿï¼Œæ­¤æ—¶è¦
             -å°†T0Countè®¡æ•°å™¨ç½®0
 390   1              T0Count++;
 391   1              if(T0Count >= 500)
 392   1              {
 393   2                      T0Count = 0;
 394   2                      TimeSetFlashFlag = !TimeSetFlashFlag; // é€šè¿‡æ§åˆ¶é—ªçƒæ ‡å¿—ä½æ¥å®ç°å¯¹åº”çš„æ•°å­—é—ªçƒ
 395   2              }
 396   1      }
 397          /**
 398          * @brief å»¶æ—¶å­å‡½æ•°
 399          * @param  unsigned int xms å»¶æ—¶æ—¶é—´
 400          * @retval æ— 
 401          * @interpretation  æè¿°
 402          */
 403          void Delay(unsigned int xms)
 404          {
 405   1              unsigned char i, j;
 406   1              while(xms--)
 407   1              {
 408   2                      i = 2;
 409   2                      j = 239;
 410   2                      do
 411   2                      {
 412   3                              while (--j);
 413   3                      } while (--i);
 414   2              }
 415   1      }
 416          /**
 417          * @brief DS1302åˆå§‹åŒ–
 418          * @param  æ— 
 419          * @retval æ— 
C51 COMPILER V9.60.7.0   MAIN                                                              08/17/2023 14:48:47 PAGE 8   

 420          * @interpretation ç”±äºMCUä¸Šç”µæ—¶I/Oå£å‡ä¸ºé«˜ç”µå¹³ï¼Œéœ€è¦ç»™DS1302çš„æ—¶é’Ÿå’Œä½¿èƒ½å¼•è„šä½ç”µå
             -¹³
 421          */
 422          void DS1302_Init(void)
 423          {
 424   1              DS1302_CE = 0;
 425   1              DS1302_SCLK = 0;
 426   1      }
 427          /**
 428          * @brief å‘DS1302å†™å…¥æ•°æ®
 429          * @param Commandï¼šå‘½ä»¤å­—
 430          * @param Dataï¼šå†™å…¥çš„æ•°æ®å­—èŠ‚
 431          * @retval æ— 
 432          * @interpretation æè¿°
 433          */
 434          void DS1302_WriteByte(unsigned char Command, Data)
 435          {
 436   1              unsigned char i;
 437   1              DS1302_CE = 1; // èŠ¯ç‰‡ä½¿èƒ½å¼•è„šç»™é«˜ç”µå¹³ä½¿å…¶æœ‰æ•ˆ    
 438   1              for(i = 0; i < 8; i++)
 439   1              {
 440   2                      DS1302_IO = Command & (0x01 << i); // å–å‡ºå‘½ä»¤å­—çš„ç¬¬iä½
 441   2                      DS1302_SCLK = 1; // ä¸Šå‡æ²¿å°†æ•°æ®å†™å…¥DS1302
 442   2                      DS1302_SCLK = 0; // æ¢å¤ä¸²è¡Œæ—¶é’Ÿç½®0
 443   2              }
 444   1              for(i = 0; i < 8; i++)
 445   1              {
 446   2                      DS1302_IO = Data & (0x01 << i); // å–å‡ºDataå­—èŠ‚çš„ç¬¬iä½
 447   2                      DS1302_SCLK = 1; // ä¸Šå‡æ²¿å°†æ•°æ®å†™å…¥DS1302
 448   2                      DS1302_SCLK = 0; // æ¢å¤ä¸²è¡Œæ—¶é’Ÿç½®0
 449   2              }
 450   1              DS1302_CE = 0; // å…³é—­èŠ¯ç‰‡ä½¿èƒ½
 451   1      }
 452          /**
 453          * @brief å‘DS1302è¯»å–æ•°æ®
 454          * @param Commandï¼šå‘½ä»¤å­—
 455          * @retval [char]: DS1302è¿”å›çš„æ•°æ®
 456          * @interpretation  æè¿°
 457          */
 458          unsigned char DS1302_ReadByte(unsigned char Command)
 459          {
 460   1              unsigned char i, Data = 0x00;
 461   1              DS1302_CE = 1; // èŠ¯ç‰‡ä½¿èƒ½å¼•è„šç»™é«˜ç”µå¹³ä½¿å…¶æœ‰æ•ˆ
 462   1              for(i = 0; i < 8; i++)
 463   1              {
 464   2                      DS1302_IO = Command & (0x01 << i); // å–å‡ºå‘½ä»¤å­—çš„ç¬¬iä½
 465   2                      // ç”±äºDS1302çš„å†™å…¥å’Œè¯»å–çš„æ—¶åºä¸ä¸€æ ·ï¼Œè¿™é‡Œéœ€è¦å…ˆç»™0å†ç»™1
 466   2                      DS1302_SCLK = 0; // æ¢å¤ä¸²è¡Œæ—¶é’Ÿç½®0
 467   2                      DS1302_SCLK = 1; // ä¸Šå‡æ²¿å°†æ•°æ®å†™å…¥DS1302
 468   2              }
 469   1              for(i = 0; i < 8; i++)
 470   1              {
 471   2                      // è¿™é‡Œåœ¨å–æ•°æ®çš„æ—¶å€™åˆå°†æ—¶åºåäº†è¿‡æ¥ï¼ŒåŸå› æ˜¯å¦‚æœå…ˆ0å1ä¼šé€ æˆå¤šç»™äº†ä¸€ä¸ª
             -è„‰å†²å‘¨æœŸ
 472   2                      DS1302_SCLK = 1; // æ¢å¤ä¸²è¡Œæ—¶é’Ÿç½®1
 473   2                      DS1302_SCLK = 0; // ä¸‹é™æ²¿è¯»å–DS1302çš„æ•°æ®              
 474   2                      if(DS1302_IO)
 475   2                              Data |= (0x01 << i); // å¦‚æœDS1302çš„è¿”å›å€¼æ˜¯1ï¼Œé‚£ä¹ˆå°±å°†æ¥æ”¶å˜é‡Dataå¯¹åº”ä½ç½®ä¹Ÿå˜æˆ
             -1
 476   2              }
 477   1              DS1302_CE = 0; // å…³é—­èŠ¯ç‰‡ä½¿èƒ½
 478   1              DS1302_IO = 0; // å°†ä¸²è¡Œæ•°æ®å£æ¸…é›¶ï¼Œé˜²æ­¢è¯»å‡ºçš„ä¸å¯¹
C51 COMPILER V9.60.7.0   MAIN                                                              08/17/2023 14:48:47 PAGE 9   

 479   1              return Data;
 480   1      }
 481          /**
 482          * @brief å°†ä¸Šæ–¹çš„DS1302_Timeä¸­çš„æ—¶é—´å†™å…¥åˆ°DS1302ä¸­
 483          * @param  æ— 
 484          * @retval æ— 
 485          * @interpretation  æè¿°
 486          */
 487          void DS1302_SetTime(void)
 488          {
 489   1              DS1302_WriteByte(DS1302_WP, 0x00); // å…³é—­DS1302èŠ¯ç‰‡å†™ä¿æŠ¤
 490   1              DS1302_WriteByte(DS1302_Year_Write, DS1302_Time[0] / 10 * 16 + DS1302_Time[0] % 10); // å°†å¹´è½¬æˆBCDç 
             -åï¼Œå†™å…¥DS1302
 491   1              DS1302_WriteByte(DS1302_Month_Write, DS1302_Time[1] / 10 * 16 + DS1302_Time[1] % 10); // å°†æœˆè½¬æˆBCDç
             - åï¼Œå†™å…¥DS1302
 492   1              DS1302_WriteByte(DS1302_Day_Write, DS1302_Time[2] / 10 * 16 + DS1302_Time[2] % 10); // å°†æ—¥æœŸè½¬æˆBCD
             -ç åï¼Œå†™å…¥DS1302
 493   1              DS1302_WriteByte(DS1302_Hour_Write, DS1302_Time[3] / 10 * 16 + DS1302_Time[3] % 10); // å°†å°æ—¶è½¬æˆBC
             -Dç åï¼Œå†™å…¥DS1302
 494   1              DS1302_WriteByte(DS1302_Minute_Write, DS1302_Time[4] / 10 * 16 + DS1302_Time[4] % 10); // å°†åˆ†é’Ÿè½¬æˆ
             -BCDç åï¼Œå†™å…¥DS1302
 495   1              DS1302_WriteByte(DS1302_Second_Write, DS1302_Time[5] / 10 * 16 + DS1302_Time[5] % 10); // å°†ç§’è½¬æˆBCD
             -ç åï¼Œå†™å…¥DS1302
 496   1              DS1302_WriteByte(DS1302_Week_Write, DS1302_Time[6] / 10 * 16 + DS1302_Time[6] % 10); // å°†æ˜ŸæœŸå‡ è½¬æˆ
             -BCDç åï¼Œå†™å…¥DS1302
 497   1              DS1302_WriteByte(DS1302_WP, 0x80); // æ‰“å¼€DS1302èŠ¯ç‰‡å†™ä¿æŠ¤
 498   1      }
 499          /**
 500          * @brief æŠŠDS1302ä¸­çš„æ—¶é—´è¯»å–å‡ºæ¥æ”¾åˆ°ä¸Šæ–¹çš„DS1302_Timeæ•°ç»„ä¸­
 501          * @param  æ— 
 502          * @retval æ— 
 503          * @interpretation  æè¿°
 504          */
 505          void DS1302_GetTime(void)
 506          {
 507   1              unsigned char RetvalTemp; // è¿™é‡Œå®šä¹‰ä¸€ä¸ªä¸´æ—¶å˜é‡ï¼Œé˜²æ­¢åœ¨BCDè½¬DECçš„æ—¶å€™ä¸¤æ¬¡è°ƒç”¨è¿”å
             -›çš„å€¼ä¸å¯¹ï¼ˆæ—¶é—´æ€»æ˜¯ä¼šæµé€çš„ï¼‰
 508   1              // ç”±äºä¸Šæ–¹å®šä¹‰çš„åœ°å€éƒ½æ˜¯å†™æ•°æ®çš„åœ°å€ï¼Œå¹¶ä¸”è¯»çš„åœ°å€ç›¸å½“äºå†™åœ°å€çš„LSBä½æ”¹
             -æˆ1ï¼Œå› æ­¤éœ€è¦å¯¹å…¶æˆ–ç­‰äºï¼Œå°†æœ€ä½ä¸ºæ”¹æˆé›¶
 509   1              RetvalTemp = DS1302_ReadByte(DS1302_Year_Write | 0x01);
 510   1              DS1302_Time[0] = RetvalTemp / 16 * 10 + RetvalTemp % 16;
 511   1              RetvalTemp = DS1302_ReadByte(DS1302_Month_Write | 0x01);
 512   1              DS1302_Time[1] = RetvalTemp / 16 * 10 + RetvalTemp % 16;
 513   1              RetvalTemp = DS1302_ReadByte(DS1302_Day_Write | 0x01);
 514   1              DS1302_Time[2] = RetvalTemp / 16 * 10 + RetvalTemp % 16;
 515   1              RetvalTemp = DS1302_ReadByte(DS1302_Hour_Write | 0x01);
 516   1              DS1302_Time[3] = RetvalTemp / 16 * 10 + RetvalTemp % 16;
 517   1              RetvalTemp = DS1302_ReadByte(DS1302_Minute_Write | 0x01);
 518   1              DS1302_Time[4] = RetvalTemp / 16 * 10 + RetvalTemp % 16;
 519   1              RetvalTemp = DS1302_ReadByte(DS1302_Second_Write | 0x01);
 520   1              DS1302_Time[5] = RetvalTemp / 16 * 10 + RetvalTemp % 16;
 521   1              RetvalTemp = DS1302_ReadByte(DS1302_Week_Write | 0x01);
 522   1              DS1302_Time[6] = RetvalTemp / 16 * 10 + RetvalTemp % 16;
 523   1      }
 524          /**
 525          * @brief å®šæ—¶å™¨0çš„1æ¯«ç§’*1000=1ç§’å®šæ—¶å™¨é€šç”¨åˆå§‹åŒ–å‡½æ•°
 526          * @param  æ— 
 527          * @retval æ— 
 528          */
 529          void Timer0_Init()
 530          {
 531   1              // åœ¨ä¸æ”¹å˜å®šæ—¶å™¨1çš„å‰æä¸‹é…ç½®å®šæ—¶å™¨0çš„æ¨¡å¼å¯„å­˜å™¨TMODï¼ˆä¸å¯ä½å¯»å€ï¼‰
C51 COMPILER V9.60.7.0   MAIN                                                              08/17/2023 14:48:47 PAGE 10  

 532   1              TMOD &= 0xF0;
 533   1              TMOD |= 0x01;
 534   1              // é…ç½®å®šæ—¶å™¨0çš„æ§åˆ¶å¯„å­˜å™¨TCONï¼ˆå¯ä½å¯»å€ï¼‰
 535   1              TF0 = 0; // æº¢å‡ºä¸­æ–­æ ‡å¿—ç½®äº0ï¼Œé˜²æ­¢å®šæ—¶å™¨åˆšä¸€å¯åŠ¨å°±ä¸­æ–­
 536   1              TR0 = 1; // è¿è¡Œæ§åˆ¶ä½ï¼Œå…è®¸T0å¼€å§‹è®¡æ•°
 537   1              // é…ç½®å®šæ—¶å™¨çš„åˆå§‹å€¼ï¼ˆé«˜4ä½+ä½4ä½ï¼‰
 538   1              TH0 = 0xFC; // DEC[(65535-1000)/16^2]=>HEX å–å‡ºé«˜ä½
 539   1              TL0 = 0x18; // DEC[(65535-1000)%16^2]=>HEX å–å‡ºä½ä½
 540   1              // é…ç½®ä¸­æ–­ç³»ç»Ÿçš„å¯„å­˜å™¨ä»¥åŠä¸­æ–­ä¼˜å…ˆçº§
 541   1              ET0 = 1; // ä¸­æ–­
 542   1              EA = 1; // æ€»ä¸­æ–­ä½¿èƒ½
 543   1              PT0 = 0;// ä¼˜å…ˆçº§ç½®äºæœ€ä½
 544   1      }
 545          /**
 546          * @brief  è·å–ç‹¬ç«‹æŒ‰é”®é”®ç 
 547          * @param  æ— 
 548          * @retval æŒ‰ä¸‹æŒ‰é”®çš„é”®ç ï¼ŒèŒƒå›´ï¼š0~4ï¼Œæ— æŒ‰é”®æŒ‰ä¸‹æ—¶è¿”å›å€¼ä¸º0
 549          */
 550          unsigned char Key()
 551          {
 552   1              unsigned char KeyNumber = 0;    
 553   1              if(P3_1 == 0)
 554   1              {
 555   2                      Delay(20);
 556   2                      while(P3_1 == 0);
 557   2                      Delay(20);
 558   2                      KeyNumber = 1;
 559   2              }
 560   1              if(P3_0 == 0)
 561   1              {
 562   2                      Delay(20);
 563   2                      while(P3_0 == 0);
 564   2                      Delay(20);
 565   2                      KeyNumber = 2;
 566   2              }
 567   1              if(P3_2 == 0)
 568   1              {
 569   2                      Delay(20);
 570   2                      while(P3_2 == 0);
 571   2                      Delay(20);
 572   2                      KeyNumber = 3;
 573   2              }
 574   1              if(P3_3 == 0)
 575   1              {
 576   2                      Delay(20);
 577   2                      while(P3_3 == 0);
 578   2                      Delay(20);
 579   2                      KeyNumber = 4;
 580   2              }       
 581   1              return KeyNumber;
 582   1      }
 583          /**
 584          * @brief  LCD1602å»¶æ—¶å‡½æ•°ï¼Œ12MHzè°ƒç”¨å¯å»¶æ—¶1ms
 585          * @param  æ— 
 586          * @retval æ— 
 587          */
 588          void LCD_Delay()
 589          {
 590   1              unsigned char i, j;
 591   1      
 592   1              i = 2;
 593   1              j = 239;
C51 COMPILER V9.60.7.0   MAIN                                                              08/17/2023 14:48:47 PAGE 11  

 594   1              do
 595   1              {
 596   2                      while (--j);
 597   2              } while (--i);
 598   1      }
 599          
 600          /**
 601          * @brief  LCD1602å†™å‘½ä»¤
 602          * @param  Command è¦å†™å…¥çš„å‘½ä»¤
 603          * @retval æ— 
 604          */
 605          void LCD_WriteCommand(unsigned char Command)
 606          {
 607   1              LCD_RS = 0;
 608   1              LCD_RW = 0;
 609   1              LCD_DataPort = Command;
 610   1              LCD_EN = 1;
 611   1              LCD_Delay();
 612   1              LCD_EN = 0;
 613   1              LCD_Delay();
 614   1      }
 615          
 616          /**
 617          * @brief  LCD1602å†™æ•°æ®
 618          * @param  Data è¦å†™å…¥çš„æ•°æ®
 619          * @retval æ— 
 620          */
 621          void LCD_WriteData(unsigned char Data)
 622          {
 623   1              LCD_RS = 1;
 624   1              LCD_RW = 0;
 625   1              LCD_DataPort = Data;
 626   1              LCD_EN = 1;
 627   1              LCD_Delay();
 628   1              LCD_EN = 0;
 629   1              LCD_Delay();
 630   1      }
 631          /**
 632          * @brief  LCD1602è®¾ç½®å…‰æ ‡ä½ç½®
 633          * @param  Line è¡Œä½ç½®ï¼ŒèŒƒå›´ï¼š1~2
 634          * @param  Column åˆ—ä½ç½®ï¼ŒèŒƒå›´ï¼š1~16
 635          * @retval æ— 
 636          */
 637          void LCD_SetCursor(unsigned char Line, unsigned char Column)
 638          {
 639   1              if(Line == 1)
 640   1              {
 641   2                      LCD_WriteCommand(0x80 | (Column - 1));
 642   2              }
 643   1              else if(Line == 2)
 644   1              {
 645   2                      LCD_WriteCommand(0x80 | (Column - 1 + 0x40));
 646   2              }
 647   1      }
 648          /**
 649          * @brief  LCD1602åˆå§‹åŒ–å‡½æ•°
 650          * @param  æ— 
 651          * @retval æ— 
 652          */
 653          void LCD_Init()
 654          {
 655   1              LCD_WriteCommand(0x38);//å…«ä½æ•°æ®æ¥å£ï¼Œä¸¤è¡Œæ˜¾ç¤ºï¼Œ5*7ç‚¹é˜µ
C51 COMPILER V9.60.7.0   MAIN                                                              08/17/2023 14:48:47 PAGE 12  

 656   1              LCD_WriteCommand(0x0c);//æ˜¾ç¤ºå¼€ï¼Œå…‰æ ‡å…³ï¼Œé—ªçƒå…³
 657   1              LCD_WriteCommand(0x06);//æ•°æ®è¯»å†™æ“ä½œåï¼Œå…‰æ ‡è‡ªåŠ¨åŠ ä¸€ï¼Œç”»é¢ä¸åŠ¨
 658   1              LCD_WriteCommand(0x01);//å…‰æ ‡å¤ä½ï¼Œæ¸…å±
 659   1      }
 660          /**
 661          * @brief  åœ¨LCD1602æŒ‡å®šä½ç½®ä¸Šæ˜¾ç¤ºä¸€ä¸ªå­—ç¬¦
 662          * @param  Line è¡Œä½ç½®ï¼ŒèŒƒå›´ï¼š1~2
 663          * @param  Column åˆ—ä½ç½®ï¼ŒèŒƒå›´ï¼š1~16
 664          * @param  Char è¦æ˜¾ç¤ºçš„å­—ç¬¦
 665          * @retval æ— 
 666          */
 667          void LCD_ShowChar(unsigned char Line, unsigned char Column, char Char)
 668          {
 669   1              LCD_SetCursor(Line, Column);
 670   1              LCD_WriteData(Char);
 671   1      }
 672          
 673          /**
 674          * @brief  åœ¨LCD1602æŒ‡å®šä½ç½®å¼€å§‹æ˜¾ç¤ºæ‰€ç»™å­—ç¬¦ä¸²
 675          * @param  Line èµ·å§‹è¡Œä½ç½®ï¼ŒèŒƒå›´ï¼š1~2
 676          * @param  Column èµ·å§‹åˆ—ä½ç½®ï¼ŒèŒƒå›´ï¼š1~16
 677          * @param  String è¦æ˜¾ç¤ºçš„å­—ç¬¦ä¸²
 678          * @retval æ— 
 679          */
 680          void LCD_ShowString(unsigned char Line, unsigned char Column, char *String)
 681          {
 682   1              unsigned char i;
 683   1              LCD_SetCursor(Line, Column);
 684   1              for(i = 0; String[i] != '\0'; i++)
 685   1              {
 686   2                      LCD_WriteData(String[i]);
 687   2              }
 688   1      }
 689          /**
 690          * @brief  è¿”å›å€¼=Xçš„Yæ¬¡æ–¹
 691          */
 692          int LCD_Pow(int X, int Y)
 693          {
 694   1              unsigned char i;
 695   1              int Result = 1;
 696   1              for(i = 0; i < Y; i++)
 697   1              {
 698   2                      Result *= X;
 699   2              }
 700   1              return Result;
 701   1      }
 702          /**
 703          * @brief  åœ¨LCD1602æŒ‡å®šä½ç½®å¼€å§‹æ˜¾ç¤ºæ‰€ç»™æ•°å­—
 704          * @param  Line èµ·å§‹è¡Œä½ç½®ï¼ŒèŒƒå›´ï¼š1~2
 705          * @param  Column èµ·å§‹åˆ—ä½ç½®ï¼ŒèŒƒå›´ï¼š1~16
 706          * @param  Number è¦æ˜¾ç¤ºçš„æ•°å­—ï¼ŒèŒƒå›´ï¼š0~65535
 707          * @param  Length è¦æ˜¾ç¤ºæ•°å­—çš„é•¿åº¦ï¼ŒèŒƒå›´ï¼š1~5
 708          * @retval æ— 
 709          */
 710          void LCD_ShowNum(unsigned char Line, unsigned char Column, unsigned int Number, unsigned char Length)
 711          {
 712   1              unsigned char i;
 713   1              LCD_SetCursor(Line, Column);
 714   1              for(i = Length; i > 0; i--)
 715   1              {
 716   2                      LCD_WriteData(Number / LCD_Pow(10, i - 1) % 10 + '0');
 717   2              }
C51 COMPILER V9.60.7.0   MAIN                                                              08/17/2023 14:48:47 PAGE 13  

 718   1      }
 719          /**
 720          * @brief  åœ¨LCD1602æŒ‡å®šä½ç½®å¼€å§‹ä»¥æœ‰ç¬¦å·åè¿›åˆ¶æ˜¾ç¤ºæ‰€ç»™æ•°å­—
 721          * @param  Line èµ·å§‹è¡Œä½ç½®ï¼ŒèŒƒå›´ï¼š1~2
 722          * @param  Column èµ·å§‹åˆ—ä½ç½®ï¼ŒèŒƒå›´ï¼š1~16
 723          * @param  Number è¦æ˜¾ç¤ºçš„æ•°å­—ï¼ŒèŒƒå›´ï¼š-32768~32767
 724          * @param  Length è¦æ˜¾ç¤ºæ•°å­—çš„é•¿åº¦ï¼ŒèŒƒå›´ï¼š1~5
 725          * @retval æ— 
 726          */
 727          void LCD_ShowSignedNum(unsigned char Line, unsigned char Column, int Number, unsigned char Length)
 728          {
 729   1              unsigned char i;
 730   1              unsigned int Number1;
 731   1              LCD_SetCursor(Line,Column);
 732   1              if(Number >= 0)
 733   1              {
 734   2                      LCD_WriteData('+');
 735   2                      Number1 = Number;
 736   2              }
 737   1              else
 738   1              {
 739   2                      LCD_WriteData('-');
 740   2                      Number1 = -Number;
 741   2              }
 742   1              for(i = Length; i > 0; i--)
 743   1              {
 744   2                      LCD_WriteData(Number1 / LCD_Pow(10, i - 1) % 10 + '0');
 745   2              }
 746   1      }
 747          /**
 748          * @brief  åœ¨LCD1602æŒ‡å®šä½ç½®å¼€å§‹ä»¥åå…­è¿›åˆ¶æ˜¾ç¤ºæ‰€ç»™æ•°å­—
 749          * @param  Line èµ·å§‹è¡Œä½ç½®ï¼ŒèŒƒå›´ï¼š1~2
 750          * @param  Column èµ·å§‹åˆ—ä½ç½®ï¼ŒèŒƒå›´ï¼š1~16
 751          * @param  Number è¦æ˜¾ç¤ºçš„æ•°å­—ï¼ŒèŒƒå›´ï¼š0~0xFFFF
 752          * @param  Length è¦æ˜¾ç¤ºæ•°å­—çš„é•¿åº¦ï¼ŒèŒƒå›´ï¼š1~4
 753          * @retval æ— 
 754          */
 755          void LCD_ShowHexNum(unsigned char Line,
 756                  unsigned char Column,
 757                  unsigned int Number,
 758                  unsigned char Length)
 759          {
 760   1              unsigned char i, SingleNumber;
 761   1              LCD_SetCursor(Line, Column);
 762   1              for(i = Length; i > 0; i--)
 763   1              {
 764   2                      SingleNumber = Number / LCD_Pow(16, i - 1) % 16;
 765   2                      if(SingleNumber < 10)
 766   2                      {
 767   3                              LCD_WriteData(SingleNumber + '0');
 768   3                      }
 769   2                      else
 770   2                      {
 771   3                              LCD_WriteData(SingleNumber - 10 + 'A');
 772   3                      }
 773   2              }
 774   1      }
 775          /**
 776          * @brief  åœ¨LCD1602æŒ‡å®šä½ç½®å¼€å§‹ä»¥äºŒè¿›åˆ¶æ˜¾ç¤ºæ‰€ç»™æ•°å­—
 777          * @param  Line èµ·å§‹è¡Œä½ç½®ï¼ŒèŒƒå›´ï¼š1~2
 778          * @param  Column èµ·å§‹åˆ—ä½ç½®ï¼ŒèŒƒå›´ï¼š1~16
 779          * @param  Number è¦æ˜¾ç¤ºçš„æ•°å­—ï¼ŒèŒƒå›´ï¼š0~1111 1111 1111 1111
C51 COMPILER V9.60.7.0   MAIN                                                              08/17/2023 14:48:47 PAGE 14  

 780          * @param  Length è¦æ˜¾ç¤ºæ•°å­—çš„é•¿åº¦ï¼ŒèŒƒå›´ï¼š1~16
 781          * @retval æ— 
 782          */
 783          void LCD_ShowBinNum(unsigned char Line, 
 784                  unsigned char Column, 
 785                  unsigned int Number, 
 786                  unsigned char Length)
 787          {
 788   1              unsigned char i;
 789   1              LCD_SetCursor(Line, Column);
 790   1              for(i = Length; i > 0; i--)
 791   1              {
 792   2                      LCD_WriteData(Number / LCD_Pow(2, i - 1) % 2 + '0');
 793   2              }
 794   1      }


MODULE INFORMATION:   STATIC OVERLAYABLE
   CODE SIZE        =   2001    ----
   CONSTANT SIZE    =     46    ----
   XDATA SIZE       =   ----    ----
   PDATA SIZE       =   ----    ----
   DATA SIZE        =     13      31
   IDATA SIZE       =   ----    ----
   BIT SIZE         =   ----    ----
END OF MODULE INFORMATION.


C51 COMPILATION COMPLETE.  0 WARNING(S),  0 ERROR(S)
