C51 COMPILER V9.60.7.0   MAIN                                                              08/08/2023 15:42:50 PAGE 1   


C51 COMPILER V9.60.7.0, COMPILATION OF MODULE MAIN
OBJECT MODULE PLACED IN .\Objects\main.obj
COMPILER INVOKED BY: D:\Keil_v5\C51\BIN\C51.EXE main.c OPTIMIZE(8,SPEED) BROWSE DEBUG OBJECTEXTEND PRINT(.\Listings\main
                    -.lst) OBJECT(.\Objects\main.obj)

line level    source

   1          #include <REGX52.H>
   2          
   3          unsigned char NixieArray[] = {0x3F,0x06,0x5B,0x4F,0x66,0x6D,0x7D,0x07,0x7F,0x6F};
   4          void ShowNixie(unsigned char location, number);
   5          void main()
   6          {
   7   1              ShowNixie(3,9);
   8   1      }
   9          void ShowNixie(unsigned char location, number)
  10          {
  11   1              switch(location)
  12   1              {
  13   2                      case 1:P2_4=1;P2_3=1;P2_2=1;break;
  14   2                      case 2:P2_4=1;P2_3=1;P2_2=0;break;
  15   2                      case 3:P2_4=1;P2_3=0;P2_2=1;break;
  16   2                      case 4:P2_4=1;P2_3=0;P2_2=0;break;
  17   2                      case 5:P2_4=0;P2_3=1;P2_2=1;break;
  18   2                      case 6:P2_4=0;P2_3=1;P2_2=0;break;
  19   2                      case 7:P2_4=0;P2_3=0;P2_2=1;break;
  20   2                      case 8:P2_4=0;P2_3=0;P2_2=0;break;
  21   2              }
  22   1              P0=NixieArray[number];
  23   1      }


MODULE INFORMATION:   STATIC OVERLAYABLE
   CODE SIZE        =    108    ----
   CONSTANT SIZE    =   ----    ----
   XDATA SIZE       =   ----    ----
   PDATA SIZE       =   ----    ----
   DATA SIZE        =     10    ----
   IDATA SIZE       =   ----    ----
   BIT SIZE         =   ----    ----
END OF MODULE INFORMATION.


C51 COMPILATION COMPLETE.  0 WARNING(S),  0 ERROR(S)
