C51 COMPILER V9.60.7.0   MAIN                                                              08/12/2023 16:30:10 PAGE 1   


C51 COMPILER V9.60.7.0, COMPILATION OF MODULE MAIN
OBJECT MODULE PLACED IN .\Objects\main.obj
COMPILER INVOKED BY: D:\Keil_v5\C51\BIN\C51.EXE main.c OPTIMIZE(8,SPEED) BROWSE DEBUG OBJECTEXTEND PRINT(.\Listings\main
                    -.lst) OBJECT(.\Objects\main.obj)

line level    source

   1          #include <REGX52.H>
   2          #include "Delay.h"
   3          
   4          void UART_SendByte(unsigned char Byte)
   5          {
   6   1              SBUF = Byte;
   7   1              while(TI == 0);
   8   1              TI = 0;
   9   1      }
  10          
  11          void UartInit_4800(void)                //4800bps@11.0592MHz
  12          {
  13   1              PCON |= 0x80;           //使能波特率倍速位SMOD
  14   1              SCON = 0x50;            //8位数据,可变波特率
  15   1              TMOD &= 0x0F;           //设置定时器模式
  16   1              TMOD |= 0x20;           //设置定时器模式
  17   1              TL1 = 0xF4;                     //设置定时初始值
  18   1              TH1 = 0xF4;                     //设置定时重载值
  19   1              ET1 = 0;                        //禁止定时器中断
  20   1              TR1 = 1;                        //定时器1开始计时
  21   1      }
  22          
  23          void main()
  24          {
  25   1              void UartInit_4800(void);
  26   1              
  27   1              while(1){UART_SendByte(0xFF);Delay(1500);};
  28   1      }
  29          
  30          void UART_Routine() interrupt 4
  31          {
  32   1              if(RI == 1)                                     //如果接收标志位为1，接收到了数据
  33   1              {
  34   2                      P2 = ~SBUF;                             //读取数据，取反后输出到LED
  35   2                      UART_SendByte(SBUF);    //将受到的数据发回串口
  36   2                      RI = 0;                                 //接收标志位清0
  37   2              }
  38   1      }


MODULE INFORMATION:   STATIC OVERLAYABLE
   CODE SIZE        =     76    ----
   CONSTANT SIZE    =   ----    ----
   XDATA SIZE       =   ----    ----
   PDATA SIZE       =   ----    ----
   DATA SIZE        =   ----    ----
   IDATA SIZE       =   ----    ----
   BIT SIZE         =   ----    ----
END OF MODULE INFORMATION.


C51 COMPILATION COMPLETE.  0 WARNING(S),  0 ERROR(S)
