C51 COMPILER V9.60.7.0   MAIN                                                              08/22/2023 15:07:43 PAGE 1   


C51 COMPILER V9.60.7.0, COMPILATION OF MODULE MAIN
OBJECT MODULE PLACED IN .\Objects\main.obj
COMPILER INVOKED BY: D:\Keil_v5\C51\BIN\C51.EXE main.c OPTIMIZE(8,SPEED) BROWSE DEBUG OBJECTEXTEND PRINT(.\Listings\main
                    -.lst) OBJECT(.\Objects\main.obj)

line level    source

   1          #include <REGX52.H>
   2          #include <INTRINS.H>
   3          #define LCD_DataPort P0
   4          sbit LCD_RS=P2^6;
   5          sbit LCD_RW=P2^5;
   6          sbit LCD_EN=P2^7;
   7          sbit FAN_IN1 = P1^5;
   8          sbit FAN_IN2 = P1^4;
   9          sbit FAN_OPEN = P3^1;
  10          sbit FAN_STOP = P3^0;
  11          sbit FAN_Switch = P3^2;
  12          void Delay(unsigned int xms);
  13          void LCD_Delay();
  14          void LCD_WriteCommand(unsigned char Command);
  15          void LCD_WriteData(unsigned char Data);
  16          void LCD_SetCursor(unsigned char Line,unsigned char Column);
  17          void LCD_Init();
  18          void LCD_ShowString(unsigned char Line,unsigned char Column,char *String);
  19          int LCD_Pow(int X,int Y);
  20          void LCD_ShowNum(unsigned char Line,unsigned char Column,unsigned int Number,unsigned char Length);
  21          void main()
  22          {
  23   1              LCD_Init();
  24   1              FAN_IN1 = 0;
  25   1              FAN_IN2 = 0;
  26   1              LCD_ShowString(1, 1, "Fan         XXLW");
  27   1              while(1)
  28   1              {
  29   2                      if(FAN_OPEN == 0)
  30   2                      {
  31   3                              Delay(20);
  32   3                              while(FAN_OPEN == 0);
  33   3                              Delay(20);
  34   3                              LCD_ShowString(1, 5, "open");
  35   3                              FAN_IN1 = 1;
  36   3                              FAN_IN2 = 0;
  37   3                              LCD_ShowString(2, 1, "Zheng Zhuan");
  38   3                      }
  39   2                      if(FAN_STOP == 0)
  40   2                      {
  41   3                              Delay(20);
  42   3                              while(FAN_STOP == 0);
  43   3                              Delay(20);
  44   3                              LCD_ShowString(1, 5, "stop");
  45   3                              FAN_IN1 = 1;
  46   3                              FAN_IN2 = 1;
  47   3                      }
  48   2                      if(FAN_Switch == 0)
  49   2                      {
  50   3                              Delay(20);
  51   3                              while(FAN_Switch == 0);
  52   3                              Delay(20);
  53   3                              FAN_IN1 = ~FAN_IN1;
  54   3                              FAN_IN2 = ~FAN_IN2;
C51 COMPILER V9.60.7.0   MAIN                                                              08/22/2023 15:07:43 PAGE 2   

  55   3                              LCD_ShowString(2, 1, "Fan Zhuan");
  56   3                      }
  57   2              }
  58   1      }
  59          void Delay(unsigned int xms)
  60          {
  61   1              unsigned char data i, j;
  62   1              while(xms--)
  63   1              {
  64   2                      _nop_();
  65   2                      _nop_();
  66   2                      _nop_();
  67   2                      i = 11;
  68   2                      j = 190;
  69   2                      do
  70   2                      {
  71   3                              while (--j);
  72   3                      } while (--i);
  73   2              }
  74   1      }
  75          void LCD_Delay()
  76          {
  77   1              unsigned char i, j;
  78   1              i = 2;
  79   1              j = 239;
  80   1              do
  81   1              {
  82   2                      while (--j);
  83   2              } while (--i);
  84   1      }
  85          void LCD_WriteCommand(unsigned char Command)
  86          {
  87   1              LCD_RS=0;
  88   1              LCD_RW=0;
  89   1              LCD_DataPort=Command;
  90   1              LCD_EN=1;
  91   1              LCD_Delay();
  92   1              LCD_EN=0;
  93   1              LCD_Delay();
  94   1      }
  95          void LCD_WriteData(unsigned char Data)
  96          {
  97   1              LCD_RS=1;
  98   1              LCD_RW=0;
  99   1              LCD_DataPort=Data;
 100   1              LCD_EN=1;
 101   1              LCD_Delay();
 102   1              LCD_EN=0;
 103   1              LCD_Delay();
 104   1      }
 105          void LCD_SetCursor(unsigned char Line,unsigned char Column)
 106          {
 107   1              if(Line==1)
 108   1              {
 109   2                      LCD_WriteCommand(0x80|(Column-1));
 110   2              }
 111   1              else if(Line==2)
 112   1              {
 113   2                      LCD_WriteCommand(0x80|(Column-1+0x40));
 114   2              }
 115   1      }
 116          void LCD_Init()
C51 COMPILER V9.60.7.0   MAIN                                                              08/22/2023 15:07:43 PAGE 3   

 117          {
 118   1              LCD_WriteCommand(0x38);
 119   1              LCD_WriteCommand(0x0c);
 120   1              LCD_WriteCommand(0x06);
 121   1              LCD_WriteCommand(0x01);
 122   1      }
 123          void LCD_ShowString(unsigned char Line,unsigned char Column,char *String)
 124          {
 125   1              unsigned char i;
 126   1              LCD_SetCursor(Line,Column);
 127   1              for(i=0;String[i]!='\0';i++)
 128   1              {
 129   2                      LCD_WriteData(String[i]);
 130   2              }
 131   1      }


MODULE INFORMATION:   STATIC OVERLAYABLE
   CODE SIZE        =    258    ----
   CONSTANT SIZE    =     49    ----
   XDATA SIZE       =   ----    ----
   PDATA SIZE       =   ----    ----
   DATA SIZE        =   ----       3
   IDATA SIZE       =   ----    ----
   BIT SIZE         =   ----    ----
END OF MODULE INFORMATION.


C51 COMPILATION COMPLETE.  0 WARNING(S),  0 ERROR(S)
