C51 COMPILER V9.60.7.0   MAIN                                                              08/16/2023 08:33:03 PAGE 1   


C51 COMPILER V9.60.7.0, COMPILATION OF MODULE MAIN
OBJECT MODULE PLACED IN .\Objects\main.obj
COMPILER INVOKED BY: D:\Keil_v5\C51\BIN\C51.EXE main.c OPTIMIZE(8,SPEED) BROWSE DEBUG OBJECTEXTEND PRINT(.\Listings\main
                    -.lst) OBJECT(.\Objects\main.obj)

line level    source

   1          #include <REGX52.H>
   2          #include "LCD1602.h"
   3          #include "DS1302.h"
   4          #include "Delay.h"
   5          unsigned char Seconds, Minutes, Hour, Date, Month, Day, Year;
   6          void main()
   7          {
   8   1              LCD_Init();
   9   1              DS1302_Init();
  10   1              DS1302_WriteByte(0x8E, 0x00); // 解除DS1302芯片的写保护
  11   1              DS1302_WriteByte(0x80, 0x01);
  12   1              LCD_ShowString(1, 1, "ZDXSDU"); 
  13   1              while(1)
  14   1              {
  15   2                      Seconds = DS1302_ReadByte(0x81);
  16   2                      LCD_ShowNum(2, 1, Seconds / 16 * 10 + Seconds % 16, 4);
  17   2                      Delay(100);
  18   2              }
  19   1      }


MODULE INFORMATION:   STATIC OVERLAYABLE
   CODE SIZE        =     84    ----
   CONSTANT SIZE    =      7    ----
   XDATA SIZE       =   ----    ----
   PDATA SIZE       =   ----    ----
   DATA SIZE        =      7    ----
   IDATA SIZE       =   ----    ----
   BIT SIZE         =   ----    ----
END OF MODULE INFORMATION.


C51 COMPILATION COMPLETE.  0 WARNING(S),  0 ERROR(S)
