C51 COMPILER V9.60.7.0   MAIN                                                              08/21/2023 09:01:39 PAGE 1   


C51 COMPILER V9.60.7.0, COMPILATION OF MODULE MAIN
OBJECT MODULE PLACED IN .\Objects\main.obj
COMPILER INVOKED BY: D:\Keil_v5\C51\BIN\C51.EXE main.c OPTIMIZE(8,SPEED) BROWSE DEBUG OBJECTEXTEND PRINT(.\Listings\main
                    -.lst) OBJECT(.\Objects\main.obj)

line level    source

   1          #include <REGX52.H>
   2          #include "Delay.h"
   3          #include "LCD1602.h"
   4          #include "Key.h"
   5          #include "I2C.h"
   6          #include "AT24C02.h"
   7          unsigned char KeyNum;
   8          unsigned int Num;
   9          void main()
  10          {
  11   1      /*
  12   1      * K1: å¯¹æ•°å­—åŠ ä¸€
  13   1      * K2ï¼šå¯¹æ•°å­—å‡ä¸€
  14   1      * K3ï¼šå°†å½“å‰æ•°æ®å­˜å‚¨è‡³AT24C02
  15   1      * K4ï¼šä»AT24C02ä¸­è¯»å–å­˜å‚¨çš„æ•°æ®
  16   1      */
  17   1              LCD_Init();
  18   1              LCD_ShowString(2, 11, "ZDXSDU");
  19   1              LCD_ShowNum(2, 1, Num,6);
  20   1              while(1)
  21   1              {
  22   2                      KeyNum = Key();
  23   2                      if(KeyNum == 1) // K1: å¯¹æ•°å­—åŠ ä¸€
  24   2                      {
  25   3                              Num++;
  26   3                              LCD_ShowNum(2, 1, Num,5);
  27   3                      }
  28   2                      if(KeyNum == 2) // K2ï¼šå¯¹æ•°å­—å‡ä¸€
  29   2                      {
  30   3                              Num--;
  31   3                              LCD_ShowNum(2, 1, Num,5);
  32   3                      }
  33   2                      if(KeyNum == 3) // K3ï¼šå°†å½“å‰æ•°æ®å­˜å‚¨è‡³AT24C02
  34   2                      {
  35   3                              // ç”±äºæ— ç¬¦å·æ•´å½¢å ç”¨16ä½ï¼Œä¸¤ä¸ªå­—èŠ‚ã€‚è€ŒAT24C02åªèƒ½ä»¥8ä½è¿›è¡Œæ•°æ®å¸§ä¼ é€’ï¼Œæ‰€
             -ä»¥è¿™é‡Œè¦ç»™ä»–ä»¬åˆ†åˆ†å®¶ï¼Œè®©1åœ°å€å­˜Numçš„é«˜å…«ä½ï¼Œ0åœ°å€å­˜Numçš„ä½å…«ä½
  36   3                              Num--;
  37   3                              AT24C01_WriteByte(0, Num % 256);
  38   3                              Delay(5);
  39   3                              AT24C01_WriteByte(1, Num / 256);
  40   3                              Delay(5);
  41   3                              LCD_ShowString(2, 1, "Write Done");
  42   3                              Delay(2000);
  43   3                              LCD_ShowString(2, 1, "          ");
  44   3                      }
  45   2                      if(KeyNum == 4)
  46   2                      {
  47   3                              Num = AT24C02_ReadByte(0); // è¯»å–å­˜å‚¨çš„ä½å…«ä½æ•°æ®
  48   3                              Num |= AT24C02_ReadByte(1) << 8; // è¯»å–å¤„å¤„çš„é«˜å…«ä½æ•°æ®ï¼Œå¹¶å°†è¯»å‡ºçš„æ•°æ®èµ‹å€¼ç»™Numç
             -š„é«˜å…«ä½
  49   3                              LCD_ShowString(1, 1, "Read Done");                      
  50   3                              LCD_ShowNum(1, 10, Num, 5);
  51   3                              LCD_ShowNum(2, 1, Num, 5);
  52   3                      }
C51 COMPILER V9.60.7.0   MAIN                                                              08/21/2023 09:01:39 PAGE 2   

  53   2              }
  54   1      }


MODULE INFORMATION:   STATIC OVERLAYABLE
   CODE SIZE        =    240    ----
   CONSTANT SIZE    =     39    ----
   XDATA SIZE       =   ----    ----
   PDATA SIZE       =   ----    ----
   DATA SIZE        =      3    ----
   IDATA SIZE       =   ----    ----
   BIT SIZE         =   ----    ----
END OF MODULE INFORMATION.


C51 COMPILATION COMPLETE.  0 WARNING(S),  0 ERROR(S)
