C51 COMPILER V9.60.7.0   MAIN                                                              08/11/2023 17:25:19 PAGE 1   


C51 COMPILER V9.60.7.0, COMPILATION OF MODULE MAIN
OBJECT MODULE PLACED IN .\Objects\main.obj
COMPILER INVOKED BY: D:\Keil_v5\C51\BIN\C51.EXE main.c OPTIMIZE(8,SPEED) BROWSE DEBUG OBJECTEXTEND PRINT(.\Listings\main
                    -.lst) OBJECT(.\Objects\main.obj)

line level    source

   1          #include <REGX52.H>
   2          #include "Delay.h"
   3          #include "LCD1602.h"
   4          #include "Timer0.h"
   5          unsigned char Time_Sec,Time_Min,Time_Hou;
   6          void main()
   7          {
   8   1              LCD_Init();
   9   1              Timer0_Init();
  10   1              LCD_ShowString(1,1,"Elapsed time is:");
  11   1              LCD_ShowString(2,1,"  :  :");
  12   1              LCD_ShowString(2,11,"ZDXSDU");
  13   1              while(1)
  14   1              {
  15   2                      LCD_ShowNum(2,1,Time_Hou,2);
  16   2                      LCD_ShowNum(2,4,Time_Min,2);
  17   2                      LCD_ShowNum(2,7,Time_Sec,2);
  18   2              }
  19   1      }
  20          void Timer0_Routine() interrupt 1
  21          {
  22   1              static unsigned int T0Count; // ÈùôÊÄÅÂèòÈáèÁî®‰∫éËÆ∞ÂΩï‰∏≠Êñ≠Ê¨°Êï∞
  23   1              // ÊØè‰∏ÄÊ¨°‰∏≠Êñ≠ÈÉΩÂ∞ÜÂÆöÊó∂Âô®ÁöÑÂàùÂßãÂÄºÈáçÊñ∞ËµãÂÄºÔºå‰ª•‰øùËØÅÊØèÊ¨°ÈÉΩÊòØ1ms‰∏≠Êñ≠
  24   1              TH0 = 0xFC;
  25   1              TL0 = 0x18;
  26   1              // ÊØè‰∏ÄÊ¨°‰∏≠Êñ≠Ôºà1MSÔºâÔºåÈÉΩÂ∞ÜT0CountËÆ°Êï∞Âô®Âä†‰∏ÄÔºåÁõ¥Âà∞Âä†Êª°1000MSËßÜ‰∏∫‰∏ÄÁßíÈíüÔºåÊ≠§Êó∂Ë¶
             -ÅÂ∞ÜT0CountËÆ°Êï∞Âô®ÁΩÆ0
  27   1              T0Count++;
  28   1              if(T0Count > 1000)
  29   1              {
  30   2                      T0Count = 0;
  31   2                      Time_Sec++;
  32   2                      if(Time_Sec>=60)
  33   2                      {
  34   3                              Time_Sec=0;             //60ÁßíÂà∞ÔºåSecÊ∏Ö0ÔºåMinËá™Â¢û
  35   3                              Time_Min++;
  36   3                              if(Time_Min>=60)
  37   3                              {
  38   4                                      Time_Min=0;     //60ÂàÜÈíüÂà∞ÔºåMinÊ∏Ö0ÔºåHourËá™Â¢û
  39   4                                      Time_Hou++;
  40   4                                      if(Time_Hou>=24)
  41   4                                      {
  42   5                                              Time_Hou=0;     //24Â∞èÊó∂Âà∞ÔºåHourÊ∏Ö0
  43   5                                      }
  44   4                              }
  45   3                      }
  46   2              }
  47   1      }


MODULE INFORMATION:   STATIC OVERLAYABLE
   CODE SIZE        =    163    ----
   CONSTANT SIZE    =     31    ----
   XDATA SIZE       =   ----    ----
C51 COMPILER V9.60.7.0   MAIN                                                              08/11/2023 17:25:19 PAGE 2   

   PDATA SIZE       =   ----    ----
   DATA SIZE        =      5    ----
   IDATA SIZE       =   ----    ----
   BIT SIZE         =   ----    ----
END OF MODULE INFORMATION.


C51 COMPILATION COMPLETE.  0 WARNING(S),  0 ERROR(S)
