C51 COMPILER V9.60.7.0   TIMER0                                                            08/11/2023 17:16:18 PAGE 1   


C51 COMPILER V9.60.7.0, COMPILATION OF MODULE TIMER0
OBJECT MODULE PLACED IN .\Objects\Timer0.obj
COMPILER INVOKED BY: D:\Keil_v5\C51\BIN\C51.EXE Timer0.c OPTIMIZE(8,SPEED) BROWSE DEBUG OBJECTEXTEND PRINT(.\Listings\Ti
                    -mer0.lst) OBJECT(.\Objects\Timer0.obj)

line level    source

   1          #include <REGX52.H>
   2          /**
   3            * @brief å®šæ—¶å™¨0çš„1æ¯«ç§’*1000=1ç§’å®šæ—¶å™¨é€šç”¨åˆå§‹åŒ–å‡½æ•°
   4            * @param  æ— 
   5            * @retval æ— 
   6            */
   7          void Timer0_Init()
   8          {
   9   1              // åœ¨ä¸æ”¹å˜å®šæ—¶å™¨1çš„å‰æä¸‹é…ç½®å®šæ—¶å™¨0çš„æ¨¡å¼å¯„å­˜å™¨TMODï¼ˆä¸å¯ä½å¯»å€ï¼‰
  10   1              TMOD &= 0xF0;
  11   1              TMOD |= 0x01;
  12   1              // é…ç½®å®šæ—¶å™¨0çš„æŽ§åˆ¶å¯„å­˜å™¨TCONï¼ˆå¯ä½å¯»å€ï¼‰
  13   1              TF0 = 0; // æº¢å‡ºä¸­æ–­æ ‡å¿—ç½®äºŽ0ï¼Œé˜²æ­¢å®šæ—¶å™¨åˆšä¸€å¯åŠ¨å°±ä¸­æ–­
  14   1              TR0 = 1; // è¿è¡ŒæŽ§åˆ¶ä½ï¼Œå…è®¸T0å¼€å§‹è®¡æ•°
  15   1              // é…ç½®å®šæ—¶å™¨çš„åˆå§‹å€¼ï¼ˆé«˜4ä½+ä½Ž4ä½ï¼‰
  16   1              TH0 = 0xFC; // DEC[(65535-1000)/16^2]=>HEX å–å‡ºé«˜ä½
  17   1              TL0 = 0x18; // DEC[(65535-1000)%16^2]=>HEX å–å‡ºä½Žä½
  18   1              // é…ç½®ä¸­æ–­ç³»ç»Ÿçš„å¯„å­˜å™¨ä»¥åŠä¸­æ–­ä¼˜å…ˆçº§
  19   1              ET0 = 1; // ä¸­æ–­
  20   1              EA = 1; // æ€»ä¸­æ–­ä½¿èƒ½
  21   1              PT0 = 0;// ä¼˜å…ˆçº§ç½®äºŽæœ€ä½Ž
  22   1      }
  23          /* ä¸­æ–­æ‰§è¡Œå‡½æ•°æ¨¡æ¿
  24          
  25          
  26          void Timer0_Routine() interrupt 1
  27          {
  28                  static unsigned int T0Count; // é™æ€å˜é‡ç”¨äºŽè®°å½•ä¸­æ–­æ¬¡æ•°
  29                  // æ¯ä¸€æ¬¡ä¸­æ–­éƒ½å°†å®šæ—¶å™¨çš„åˆå§‹å€¼é‡æ–°èµ‹å€¼ï¼Œä»¥ä¿è¯æ¯æ¬¡éƒ½æ˜¯1msä¸­æ–­
  30                  TH0 = 0xFC;
  31                  TL0 = 0x18;
  32                  // æ¯ä¸€æ¬¡ä¸­æ–­ï¼ˆ1MSï¼‰ï¼Œéƒ½å°†T0Countè®¡æ•°å™¨åŠ ä¸€ï¼Œç›´åˆ°åŠ æ»¡1000MSè§†ä¸ºä¸€ç§’é’Ÿï¼Œæ­¤æ—¶è¦
             -å°†T0Countè®¡æ•°å™¨ç½®0
  33                  T0Count++;
  34                  if(T0Count > 1000)
  35                  {
  36                          T0Count = 0;
  37                  
  38                  }
  39          }
  40          
  41          
  42          */


MODULE INFORMATION:   STATIC OVERLAYABLE
   CODE SIZE        =     23    ----
   CONSTANT SIZE    =   ----    ----
   XDATA SIZE       =   ----    ----
   PDATA SIZE       =   ----    ----
   DATA SIZE        =   ----    ----
   IDATA SIZE       =   ----    ----
   BIT SIZE         =   ----    ----
END OF MODULE INFORMATION.

C51 COMPILER V9.60.7.0   TIMER0                                                            08/11/2023 17:16:18 PAGE 2   


C51 COMPILATION COMPLETE.  0 WARNING(S),  0 ERROR(S)
