C51 COMPILER V9.60.7.0   MAIN                                                              08/19/2023 16:18:50 PAGE 1   


C51 COMPILER V9.60.7.0, COMPILATION OF MODULE MAIN
OBJECT MODULE PLACED IN .\Objects\main.obj
COMPILER INVOKED BY: D:\Keil_v5\C51\BIN\C51.EXE main.c OPTIMIZE(8,SPEED) BROWSE DEBUG OBJECTEXTEND PRINT(.\Listings\main
                    -.lst) OBJECT(.\Objects\main.obj)

line level    source

   1          #include <REGX52.H>
   2          #include "Delay.h"
   3          #include "LCD1602.h"
   4          #include "Key.h"
   5          #include "I2C.h"
   6          #include "AT24C02.h"
   7          unsigned char Data;
   8          void main()
   9          {
  10   1              LCD_Init();
  11   1              LCD_ShowString(1, 1, "Data is:");
  12   1              LCD_ShowString(2, 11, "ZDXSDU");
  13   1              AT24C01_WriteByte(1, 99); // 向AT24C02的0x01写入数据
  14   1              Delay(15); // ROM写入数据需要时间，根据AT24C02的芯片手册，该芯片的写周期为5MS，
             -因此此处需要延时5毫秒以等待其完全写入才能读      
  15   1              Data = AT24C02_ReadByte(1); // 读取AT24C02地址0x01的数据
  16   1              LCD_ShowNum(1, 10, Data, 4);
  17   1              while(1)
  18   1              {
  19   2                      
  20   2              }
  21   1      }


MODULE INFORMATION:   STATIC OVERLAYABLE
   CODE SIZE        =     68    ----
   CONSTANT SIZE    =     16    ----
   XDATA SIZE       =   ----    ----
   PDATA SIZE       =   ----    ----
   DATA SIZE        =      1    ----
   IDATA SIZE       =   ----    ----
   BIT SIZE         =   ----    ----
END OF MODULE INFORMATION.


C51 COMPILATION COMPLETE.  0 WARNING(S),  0 ERROR(S)
