C51 COMPILER V9.60.7.0   MAIN                                                              08/07/2023 08:32:36 PAGE 1   


C51 COMPILER V9.60.7.0, COMPILATION OF MODULE MAIN
OBJECT MODULE PLACED IN .\Objects\main.obj
COMPILER INVOKED BY: D:\Keil_v5\C51\BIN\C51.EXE main.c OPTIMIZE(8,SPEED) BROWSE DEBUG OBJECTEXTEND PRINT(.\Listings\main
                    -.lst) OBJECT(.\Objects\main.obj)

line level    source

   1          #include <REGX52.H>
   2          #include <INTRINS.H>
   3          
   4          void Delay(unsigned int ms)             //@12.000MHz
   5          {
   6   1              unsigned char data i, j;
   7   1              i = 2;
   8   1              j = 239;
   9   1              while(ms--)
  10   1              {
  11   2                      do
  12   2                      {
  13   3                              while (--j);
  14   3                      } while (--i);
  15   2              }
  16   1      }
  17          
  18          void main()
  19          {
  20   1              while(1)
  21   1              {
  22   2                      P2=0xFE;                //1111 1110
  23   2                      Delay(3);
  24   2                      P2=0xFD;                //1111 1101
  25   2                      Delay(3);
  26   2                      P2=0xFB;                //1111 1011
  27   2                      Delay(3);
  28   2                      P2=0xF7;                //1111 0111             
  29   2                      Delay(3);
  30   2                      
  31   2                      P2=0xEF;                //1110 1111
  32   2                      Delay(3);
  33   2                      P2=0xDF;                //1101 1111
  34   2                      Delay(3);
  35   2                      P2=0xBF;                //1011 1111
  36   2                      Delay(3);
  37   2                      P2=0x7F;                //0111 1111
  38   2                      Delay(3);
  39   2              }
  40   1      }


MODULE INFORMATION:   STATIC OVERLAYABLE
   CODE SIZE        =     75    ----
   CONSTANT SIZE    =   ----    ----
   XDATA SIZE       =   ----    ----
   PDATA SIZE       =   ----    ----
   DATA SIZE        =   ----    ----
   IDATA SIZE       =   ----    ----
   BIT SIZE         =   ----    ----
END OF MODULE INFORMATION.


C51 COMPILATION COMPLETE.  0 WARNING(S),  0 ERROR(S)
