C51 COMPILER V9.60.7.0   MAIN                                                              08/18/2023 09:02:27 PAGE 1   


C51 COMPILER V9.60.7.0, COMPILATION OF MODULE MAIN
OBJECT MODULE PLACED IN .\Objects\main.obj
COMPILER INVOKED BY: D:\Keil_v5\C51\BIN\C51.EXE main.c OPTIMIZE(8,SPEED) BROWSE DEBUG OBJECTEXTEND PRINT(.\Listings\main
                    -.lst) OBJECT(.\Objects\main.obj)

line level    source

   1          #include <REGX52.H>
   2          #include "Key.h" // 独立按键
   3          #include "Delay.h" // 延时
   4          #include "Nixie.h" // 数码管
   5          #include "Timer0.h" // 定时器
   6          #include "Buzzer.h" // 500Hz固定频率按键音
   7          unsigned char KeyNum;
   8          void main()
   9          {
  10   1              Nixie(1, 0);    
  11   1              while(1)
  12   1              {
  13   2                      KeyNum = Key();
  14   2                      if(KeyNum)
  15   2                      {                       
  16   3                              // 这个地方是静态显示的，对Nixie函数进行了修改，注释掉了延时1毫秒并清零
             -代码        
  17   3                              Nixie(1, KeyNum);
  18   3      //                      Buzzer500Hz(500);
  19   3                              Buzzer1000Hz(500);
  20   3                      }
  21   2              }
  22   1      }


MODULE INFORMATION:   STATIC OVERLAYABLE
   CODE SIZE        =     34    ----
   CONSTANT SIZE    =   ----    ----
   XDATA SIZE       =   ----    ----
   PDATA SIZE       =   ----    ----
   DATA SIZE        =      1    ----
   IDATA SIZE       =   ----    ----
   BIT SIZE         =   ----    ----
END OF MODULE INFORMATION.


C51 COMPILATION COMPLETE.  0 WARNING(S),  0 ERROR(S)
