C51 COMPILER V9.60.7.0   MAIN                                                              08/15/2023 10:11:51 PAGE 1   


C51 COMPILER V9.60.7.0, COMPILATION OF MODULE MAIN
OBJECT MODULE PLACED IN .\Objects\main.obj
COMPILER INVOKED BY: D:\Keil_v5\C51\BIN\C51.EXE main.c OPTIMIZE(8,SPEED) BROWSE DEBUG OBJECTEXTEND PRINT(.\Listings\main
                    -.lst) OBJECT(.\Objects\main.obj)

line level    source

   1          #include <REGX52.H>
   2          #include "MatrixLED.H"
   3          unsigned char code animation[] = {
   4                  0x00,0x00,0x00,0x18,0x18,0x00,0x00,0x00,
   5                  0x00,0x00,0x3C,0x3C,0x3C,0x3C,0x00,0x00,
   6                  0x00,0x7E,0x7E,0x7E,0x7E,0x7E,0x7E,0x00,
   7                  0xFF,0xFF,0xFF,0xFF,0xFF,0xFF,0xFF,0xFF,
   8                  0x7E,0xBD,0xDB,0xE7,0xE7,0xDB,0xBD,0x7E,
   9                  0x7E,0xBD,0xC3,0xC3,0xC3,0xC3,0xBD,0x7E,
  10                  0x7E,0x81,0x81,0x81,0x81,0x81,0x81,0x7E,
  11                  0x00,0x00,0x00,0x00,0x00,0x00,0x00,0x00,
  12                  0x00,0x00,0x00,0x00,0x08,0x00,0x00,0x00,
  13          };
  14          void main()
  15          {
  16   1              // i:      当前屏幕中的每一列的字模
  17   1              // offset: 屏幕的偏移量，即当前是第几屏幕
  18   1              // count:  计次。即当前屏幕循环多少次以后开始显示下一屏
  19   1              unsigned char i, offset = 0, count = 0; 
  20   1              MatrixLED_Init();
  21   1              while(1)
  22   1              {
  23   2                      for(i = 0; i < 8; i++)
  24   2                      {
  25   3                              MatrixLEDShowColumn(i, animation[i + offset]);
  26   3                      }
  27   2                      count++;
  28   2                      if(count > 18)
  29   2                      {
  30   3                              count = 0;
  31   3                              offset += 8;
  32   3                              if(offset > 96)
  33   3                                      offset = 0;                     
  34   3                      }
  35   2              }
  36   1      }


MODULE INFORMATION:   STATIC OVERLAYABLE
   CODE SIZE        =     64    ----
   CONSTANT SIZE    =     72    ----
   XDATA SIZE       =   ----    ----
   PDATA SIZE       =   ----    ----
   DATA SIZE        =   ----       3
   IDATA SIZE       =   ----    ----
   BIT SIZE         =   ----    ----
END OF MODULE INFORMATION.


C51 COMPILATION COMPLETE.  0 WARNING(S),  0 ERROR(S)
