C51 COMPILER V9.60.7.0   MAIN                                                              08/07/2023 17:07:20 PAGE 1   


C51 COMPILER V9.60.7.0, COMPILATION OF MODULE MAIN
OBJECT MODULE PLACED IN .\Objects\main.obj
COMPILER INVOKED BY: D:\Keil_v5\C51\BIN\C51.EXE main.c OPTIMIZE(8,SPEED) BROWSE DEBUG OBJECTEXTEND PRINT(.\Listings\main
                    -.lst) OBJECT(.\Objects\main.obj)

line level    source

   1          #include <REGX52.H>
   2          void Delay(unsigned int ms)
   3          {
   4   1              unsigned char data i, j;
   5   1              while(ms--)
   6   1              {
   7   2                      i = 2;
   8   2                      j = 239;
   9   2                      do
  10   2                      {
  11   3                              while (--j);
  12   3                      } while (--i);
  13   2              }
  14   1      }
  15          
  16          void end()
  17          {
  18   1              P2=0xFF;
  19   1              Delay(200);
  20   1              P2=0x00;
  21   1              Delay(200);
  22   1      }
  23          
  24          void main()
  25          {
  26   1              /*
  27   1                      指示灯：
  28   1                              1.电机正在工作：D1、D2交替闪烁；
  29   1                              2.阀门开到位：D2常亮；
  30   1                              3.阀门关到位：D1
  31   1              常亮；
  32   1                              4.待机：D1~D8熄灭；
  33   1                      按键：
  34   1                              1.K1:给电机通电；
  35   1                              2.RSTK1:重启并给电机短暂供电以使限位开关松开；
  36   1              */
  37   1              
  38   1              P2=0xFF;
  39   1              P1_0=0;
  40   1              while(1)
  41   1              {
  42   2                      if(P3_1==0)//K1 给电机通电
  43   2                      {
  44   3                              Delay(20);
  45   3                              while(P3_1==0);
  46   3                              Delay(20);
  47   3                              while(1)
  48   3                              {
  49   4                                      if(P3_7==0)//关到位
  50   4                                      {
  51   5                                              P1_0=0;
  52   5                                              P2=0xFE;
  53   5                                              break;
  54   5                                      }
C51 COMPILER V9.60.7.0   MAIN                                                              08/07/2023 17:07:20 PAGE 2   

  55   4                                      if(P3_6==0)//开到位
  56   4                                      {
  57   5                                              P1_0=0;
  58   5                                              P2=0xFD;
  59   5                                              break;
  60   5                                      }
  61   4                                      P1_0=1;
  62   4                                      P2=0xFE;
  63   4                                      Delay(200);
  64   4                                      P2=0xFD;
  65   4                                      Delay(200);
  66   4                              }
  67   3                      }
  68   2              }
  69   1      }


MODULE INFORMATION:   STATIC OVERLAYABLE
   CODE SIZE        =    101    ----
   CONSTANT SIZE    =   ----    ----
   XDATA SIZE       =   ----    ----
   PDATA SIZE       =   ----    ----
   DATA SIZE        =   ----    ----
   IDATA SIZE       =   ----    ----
   BIT SIZE         =   ----    ----
END OF MODULE INFORMATION.


C51 COMPILATION COMPLETE.  0 WARNING(S),  0 ERROR(S)
