C51 COMPILER V9.60.7.0   XPT2046                                                           09/08/2023 18:01:16 PAGE 1   


C51 COMPILER V9.60.7.0, COMPILATION OF MODULE XPT2046
OBJECT MODULE PLACED IN .\Objects\XPT2046.obj
COMPILER INVOKED BY: D:\Keil_v5\C51\BIN\C51.EXE XPT2046.c OPTIMIZE(8,SPEED) BROWSE DEBUG OBJECTEXTEND PRINT(.\Listings\X
                    -PT2046.lst) OBJECT(.\Objects\XPT2046.obj)

line level    source

   1          #include <STC89C5xRC.H>
   2          #include "Delay.h"
   3          sbit XPT2046_CS = P3^5; // 片选
   4          sbit XPT2046_DCLK = P3^6; // 时钟
   5          sbit XPT2046_Dout = P3^7; // 输出
   6          sbit XPT2046_Din = P3^4; // 输入
   7          /**
   8          * @brief XPT2046的SPI总线时序函数
   9          * @param[Command] 控制字
  10          * @retval 无
  11          * @interpretation  描述
  12          */
  13          unsigned int XPT2046_Read(unsigned char Command)
  14          {
  15   1              unsigned int AD_Value;
  16   1              unsigned char i;
  17   1              XPT2046_DCLK = 0;
  18   1              XPT2046_CS = 0;
  19   1              for(i = 0; i < 8; i++)
  20   1              {
  21   2                      XPT2046_Din = Command & (0x80 >> i);
  22   2                      XPT2046_DCLK = 1;
  23   2                      XPT2046_DCLK = 0;
  24   2              }
  25   1              Delay(1);       
  26   1              for(i = 0; i < 16; i++)
  27   1              {
  28   2                      XPT2046_DCLK = 1;
  29   2                      XPT2046_DCLK = 0;
  30   2                      if(XPT2046_Dout)
  31   2                              AD_Value |= (0x8000 >> i); 
  32   2              }
  33   1              XPT2046_CS = 1;
  34   1              return AD_Value;
  35   1      }


MODULE INFORMATION:   STATIC OVERLAYABLE
   CODE SIZE        =     91    ----
   CONSTANT SIZE    =   ----    ----
   XDATA SIZE       =   ----    ----
   PDATA SIZE       =   ----    ----
   DATA SIZE        =   ----       2
   IDATA SIZE       =   ----    ----
   BIT SIZE         =   ----    ----
END OF MODULE INFORMATION.


C51 COMPILATION COMPLETE.  0 WARNING(S),  0 ERROR(S)
