C51 COMPILER V9.60.7.0   MAIN                                                              08/22/2023 08:25:57 PAGE 1   


C51 COMPILER V9.60.7.0, COMPILATION OF MODULE MAIN
OBJECT MODULE PLACED IN .\Objects\main.obj
COMPILER INVOKED BY: D:\Keil_v5\C51\BIN\C51.EXE main.c OPTIMIZE(8,SPEED) BROWSE DEBUG OBJECTEXTEND PRINT(.\Listings\main
                    -.lst) OBJECT(.\Objects\main.obj)

line level    source

   1          #include <REGX52.H>
   2          #include "Delay.h"
   3          #include "Timer0.h"
   4          #include "Nixie.h"
   5          #include "Key.h"
   6          void main()
   7          {
   8   1              Timer0_Init();
   9   1              while(1)
  10   1              {
  11   2                      
  12   2              }
  13   1      }
  14          void Timer0_Routine() interrupt 1
  15          {
  16   1              static unsigned int T0Count; // é™æ€å˜é‡ç”¨äºŽè®°å½•ä¸­æ–­æ¬¡æ•°
  17   1              // æ¯ä¸€æ¬¡ä¸­æ–­éƒ½å°†å®šæ—¶å™¨çš„åˆå§‹å€¼é‡æ–°èµ‹å€¼ï¼Œä»¥ä¿è¯æ¯æ¬¡éƒ½æ˜¯1msä¸­æ–­
  18   1              TH0 = 0xFC;
  19   1              TL0 = 0x18;
  20   1              // æ¯ä¸€æ¬¡ä¸­æ–­ï¼ˆ1MSï¼‰ï¼Œéƒ½å°†T0Countè®¡æ•°å™¨åŠ ä¸€ï¼Œç›´åˆ°åŠ æ»¡1000MSè§†ä¸ºä¸€ç§’é’Ÿï¼Œæ­¤æ—¶è¦
             -å°†T0Countè®¡æ•°å™¨ç½®0
  21   1              T0Count++;
  22   1              if(T0Count > 1000)
  23   1              {
  24   2                      T0Count = 0;
  25   2                      P2 = ~P2;
  26   2              }
  27   1      }


MODULE INFORMATION:   STATIC OVERLAYABLE
   CODE SIZE        =     46    ----
   CONSTANT SIZE    =   ----    ----
   XDATA SIZE       =   ----    ----
   PDATA SIZE       =   ----    ----
   DATA SIZE        =      2    ----
   IDATA SIZE       =   ----    ----
   BIT SIZE         =   ----    ----
END OF MODULE INFORMATION.


C51 COMPILATION COMPLETE.  0 WARNING(S),  0 ERROR(S)
