C51 COMPILER V9.60.7.0   NIXIE                                                             08/30/2023 08:37:00 PAGE 1   


C51 COMPILER V9.60.7.0, COMPILATION OF MODULE NIXIE
OBJECT MODULE PLACED IN .\Objects\Nixie.obj
COMPILER INVOKED BY: D:\Keil_v5\C51\BIN\C51.EXE Nixie.c OPTIMIZE(8,SPEED) BROWSE DEBUG OBJECTEXTEND PRINT(.\Listings\Nix
                    -ie.lst) OBJECT(.\Objects\Nixie.obj)

line level    source

   1          #include <REGX52.H>
   2          unsigned char NixieTable[12] = {0x3F, 0x06, 0x5B, 0x4F, 0x66, 0x6D, 0x7D, 0x07, 0x7F, 0x6F, 0x00, 0x40}; /
             -/ Êï∞Á†ÅÁÆ°ÊÆµÁ†ÅË°®ÔºåÂàÜÂà´ÂØπÂ∫î0~9\Á©∫\Áü≠Ê®™Á∫ø
   3          unsigned char NixieBuf[9] = {0, 10, 10, 10, 10, 10, 10, 10, 10}; // ÊòæÁ§∫ÁºìÂÜ≤Âå∫ÔºåNixieBuf[1]~[8]ÂàÜÂà
             -´ÂØπÂ∫î8‰∏™Êï∞Á†ÅÁÆ°‰∏≠Ë¶ÅÊòæÁ§∫ÁöÑÊï∞Â≠óÔºå10ÂØπÂ∫îNixieTable[10]=>Âï•ÈÉΩ‰∏çÊòæÁ§∫
   4          /**
   5          * @brief Êï∞Á†ÅÁÆ°Êâ´Êèè
   6          * @param Location Âú®Á¨¨Âá†‰∏™Êï∞Á†ÅÁÆ°‰∏äÊòæÁ§∫
   7          * @param Number ÊòæÁ§∫‰ªÄ‰πàÂÜÖÂÆπ
   8          * @retval Êó†
   9          * @interpretation  ÊèèËø∞
  10          */
  11          void Nixie_Scan(unsigned char Location, Number)
  12          {
  13   1              P0 = 0x00; // Ê∏ÖÁ©∫ÊÆµÁ†Å
  14   1              switch(Location)
  15   1              {
  16   2                      case 1: P2_4=1; P2_3=1; P2_2=1; break;
  17   2                      case 2: P2_4=1; P2_3=1; P2_2=0; break;
  18   2                      case 3: P2_4=1; P2_3=0; P2_2=1; break;
  19   2                      case 4: P2_4=1; P2_3=0; P2_2=0; break;
  20   2                      case 5: P2_4=0; P2_3=1; P2_2=1; break;
  21   2                      case 6: P2_4=0; P2_3=1; P2_2=0; break;
  22   2                      case 7: P2_4=0; P2_3=0; P2_2=1; break;
  23   2                      case 8: P2_4=0; P2_3=0; P2_2=0; break;
  24   2              }
  25   1              P0 = NixieTable[Number]; // ÊÆµÁ†ÅËæìÂá∫                
  26   1      }
  27          /**
  28          * @brief ÂèØ‰æõÂ§ñÁïåË∞ÉÁî®ÁöÑ‰øÆÊîπÊòæÁ§∫ÁºìÂÜ≤Âå∫ÁöÑÂáΩÊï∞
  29          * @param Location Âú®Á¨¨Âá†‰∏™Êï∞Á†ÅÁÆ°‰∏äÊòæÁ§∫
  30          * @param Number ÊòæÁ§∫‰ªÄ‰πàÂÜÖÂÆπ
  31          * @retval Êó†
  32          * @interpretation  ÊèèËø∞
  33          */
  34          void Nixie_SetBuf(unsigned char Location, Number)
  35          {
  36   1              NixieBuf[Location] = Number;
  37   1      }
  38          /**
  39          * @brief ‰æõTimer0ÂÆöÊó∂Âô®interrupt1‰∏≠Êñ≠ÂáΩÊï∞ÂÜÖË∞ÉÁî®ÁöÑÊñπÊ≥ïÔºåÊØè‰∏§ÊØ´ÁßíË∞ÉÁî®‰∏ÄÊ¨°
  40          * @param  Êó†
  41          * @retval Êó†
  42          * @interpretation  ÊØèÊ¨°ÊâßË°åÔºåÈÉΩÂ∞ÜÊòæÁ§∫ÁºìÂÜ≤Âå∫ÁöÑÊï∞Â≠óÊòæÁ§∫‰∏Ä‰ΩçÂà∞Êï∞Á†ÅÁÆ°‰∏≠
  43          */
  44          void Nixie_Loop(void)
  45          {
  46   1              static unsigned char i = 1;
  47   1              Nixie_Scan(i, NixieBuf[i]);
  48   1              i++;
  49   1              if(i >= 9) i = 1; // Áî±ÂÆöÊó∂Âô®ÊéßÂà∂ÔºåÊØèÈöî‰∏ÄÊÆµÊó∂Èó¥Âæ™ÁéØ‰ª•ÂÆûÁé∞Êâ´Êèè
  50   1      }


C51 COMPILER V9.60.7.0   NIXIE                                                             08/30/2023 08:37:00 PAGE 2   

MODULE INFORMATION:   STATIC OVERLAYABLE
   CODE SIZE        =    138    ----
   CONSTANT SIZE    =   ----    ----
   XDATA SIZE       =   ----    ----
   PDATA SIZE       =   ----    ----
   DATA SIZE        =     22    ----
   IDATA SIZE       =   ----    ----
   BIT SIZE         =   ----    ----
END OF MODULE INFORMATION.


C51 COMPILATION COMPLETE.  0 WARNING(S),  0 ERROR(S)
