C51 COMPILER V9.60.7.0   MAIN                                                              09/02/2023 18:12:02 PAGE 1   


C51 COMPILER V9.60.7.0, COMPILATION OF MODULE MAIN
OBJECT MODULE PLACED IN .\Objects\main.obj
COMPILER INVOKED BY: D:\Keil_v5\C51\BIN\C51.EXE main.c OPTIMIZE(8,SPEED) BROWSE DEBUG OBJECTEXTEND PRINT(.\Listings\main
                    -.lst) OBJECT(.\Objects\main.obj)

line level    source

   1          #include <REGX52.H>
   2          #include "LCD1602.h"
   3          #define PWM_Compare 1
   4          sbit PWM_IO = P2^3;
   5          unsigned char Counter;
   6          void Timer0_Routine(void) interrupt 1
   7          {
   8   1              TH0 = 0xFE;
   9   1              TL0 = 0x33;
  10   1              Counter++;
  11   1              if(Counter <= PWM_Compare)
  12   1              {
  13   2                      PWM_IO = 1;
  14   2              }
  15   1              else
  16   1              {
  17   2                      PWM_IO = 0;
  18   2              }
  19   1              Counter %= 40;
  20   1      }
  21          void Timer0_Init(void)
  22          {
  23   1              TMOD &= 0xF0;
  24   1              TMOD |= 0x01;   
  25   1              TF0 = 0;
  26   1              TR0 = 1;
  27   1              TH0 = 0xFE;
  28   1              TL0 = 0x33;
  29   1              ET0 = 1;
  30   1              EA = 1;
  31   1              PT0 = 0;
  32   1      }
  33          void main(void)
  34          {
  35   1              Timer0_Init();
  36   1              while(1);
  37   1      }


MODULE INFORMATION:   STATIC OVERLAYABLE
   CODE SIZE        =     71    ----
   CONSTANT SIZE    =   ----    ----
   XDATA SIZE       =   ----    ----
   PDATA SIZE       =   ----    ----
   DATA SIZE        =      1    ----
   IDATA SIZE       =   ----    ----
   BIT SIZE         =   ----    ----
END OF MODULE INFORMATION.


C51 COMPILATION COMPLETE.  0 WARNING(S),  0 ERROR(S)
