C51 COMPILER V9.60.7.0   MAIN                                                              09/15/2023 15:49:20 PAGE 1   


C51 COMPILER V9.60.7.0, COMPILATION OF MODULE MAIN
OBJECT MODULE PLACED IN .\Objects\main.obj
COMPILER INVOKED BY: D:\Keil_v5\C51\BIN\C51.EXE main.c OPTIMIZE(8,SPEED) BROWSE DEBUG OBJECTEXTEND PRINT(.\Listings\main
                    -.lst) OBJECT(.\Objects\main.obj)

line level    source

   1          #include <STC89C5xRC.H>
   2          sbit D1 = P1^0; //定义步进电机连接端口
   3          sbit C1 = P1^1; //定义步进电机连接端口
   4          sbit B1 = P1^2; //定义步进电机连接端口
   5          sbit A1 = P1^3; //定义步进电机连接端口 
   6          #define Coil_AB {A1 = 1; B1 = 1; C1 = 0; D1 = 0;}//AB相通电，其他相断电
   7          #define Coil_BC {A1 = 0; B1 = 1; C1 = 1; D1 = 0;}//BC相通电，其他相断电
   8          #define Coil_CD {A1 = 0; B1 = 0; C1 = 1; D1 = 1;}//CD相通电，其他相断电
   9          #define Coil_DA {A1 = 1; B1 = 0; C1 = 0; D1 = 1;}//DA相通电，其他相断电
  10          #define Coil_OFF {A1 = 0; B1 = 0; C1 = 0; D1 = 0;}//全部断电
  11          unsigned char Speed;
  12          void DelayMs(unsigned char ms);
  13          void main(void)
  14          {
  15   1              Speed = 5; //调整转动速度，速度不可以调节的过快，不然就没有力矩转动了
  16   1              while(1)  
  17   1              {         
  18   2                      Coil_AB;
  19   2                      DelayMs(Speed);
  20   2                      Coil_BC;
  21   2                      DelayMs(Speed);
  22   2                      Coil_CD;
  23   2                      DelayMs(Speed);
  24   2                      Coil_DA;
  25   2                      DelayMs(Speed);
  26   2              }
  27   1      }
  28          void DelayMs(unsigned char ms)
  29          {
  30   1              unsigned char data i, j;
  31   1              while(ms--)
  32   1              {
  33   2                      i = 2;
  34   2                      j = 199;
  35   2                      do
  36   2                      {
  37   3                              while (--j);
  38   3                      } while (--i);
  39   2              }
  40   1      }


MODULE INFORMATION:   STATIC OVERLAYABLE
   CODE SIZE        =     74    ----
   CONSTANT SIZE    =   ----    ----
   XDATA SIZE       =   ----    ----
   PDATA SIZE       =   ----    ----
   DATA SIZE        =      1    ----
   IDATA SIZE       =   ----    ----
   BIT SIZE         =   ----    ----
END OF MODULE INFORMATION.


C51 COMPILATION COMPLETE.  0 WARNING(S),  0 ERROR(S)
