C51 COMPILER V9.60.7.0   MAIN                                                              08/18/2023 10:20:56 PAGE 1   


C51 COMPILER V9.60.7.0, COMPILATION OF MODULE MAIN
OBJECT MODULE PLACED IN .\Objects\main.obj
COMPILER INVOKED BY: D:\Keil_v5\C51\BIN\C51.EXE main.c OPTIMIZE(8,SPEED) BROWSE DEBUG OBJECTEXTEND PRINT(.\Listings\main
                    -.lst) OBJECT(.\Objects\main.obj)

line level    source

   1          #include <REGX52.H>
   2          #include "Delay.h"
   3          #include "Timer0.h"
   4          #define SPEED   500 //Êí≠ÊîæÈÄüÂ∫¶ÔºåÂÄº‰∏∫ÂõõÂàÜÈü≥Á¨¶ÁöÑÊó∂Èïø(ms)
   5          //Èü≥Á¨¶‰∏éÁ¥¢ÂºïÂØπÂ∫îË°®ÔºåPÔºö‰ºëÊ≠¢Á¨¶ÔºåLÔºö‰ΩéÈü≥ÔºåMÔºö‰∏≠Èü≥ÔºåHÔºöÈ´òÈü≥Ôºå‰∏ãÂàíÁ∫øÔºöÂçáÂçäÈü≥Á
             -¨¶Âè∑#
   6          #define P       0
   7          #define L1      1
   8          #define L1_     2
   9          #define L2      3
  10          #define L2_     4
  11          #define L3      5
  12          #define L4      6
  13          #define L4_     7
  14          #define L5      8
  15          #define L5_     9
  16          #define L6      10
  17          #define L6_     11
  18          #define L7      12
  19          #define M1      13
  20          #define M1_     14
  21          #define M2      15
  22          #define M2_     16
  23          #define M3      17
  24          #define M4      18
  25          #define M4_     19
  26          #define M5      20
  27          #define M5_     21
  28          #define M6      22
  29          #define M6_     23
  30          #define M7      24
  31          #define H1      25
  32          #define H1_     26
  33          #define H2      27
  34          #define H2_     28
  35          #define H3      29
  36          #define H4      30
  37          #define H4_     31
  38          #define H5      32
  39          #define H5_     33
  40          #define H6      34
  41          #define H6_     35
  42          #define H7      36
  43          sbit Buzzer=P2^5; //ËúÇÈ∏£Âô®Á´ØÂè£ÂÆö‰πâ
  44          unsigned char FreqSelect, MusicSelect;
  45          //Á¥¢Âºï‰∏éÈ¢ëÁéáÂØπÁÖßË°®
  46          unsigned int FreqTable[]={0,
  47                  63628, 63731, 63835, 63928, 64021, 64103, 64185, 64260, 64331, 64400, 64463, 64528,
  48                  64580, 64633, 64684, 64732, 64777, 64820, 64860, 64898, 64934, 64968, 65000, 65030,
  49                  65058, 65085, 65110, 65134, 65157, 65178, 65198, 65217, 65235, 65252, 65268, 65283,
  50          };
  51          //‰πêË∞±
  52          unsigned char code Music[]={
  53                  //Èü≥Á¨¶,Êó∂ÂÄº,        
C51 COMPILER V9.60.7.0   MAIN                                                              08/18/2023 10:20:56 PAGE 2   

  54                  //1
  55                  P,      4,
  56                  P,      4,
  57                  P,      4,
  58                  M6,     2,
  59                  M7,     2,      
  60                  H1,     4 + 2,
  61                  M7,     2,
  62                  H1,     4,
  63                  H3,     4,
  64                  
  65                  M7,     4 + 4 + 4,
  66                  M3,     2,
  67                  M3,     2,
  68                  
  69                  //2
  70                  M6,     4 + 2,
  71                  M5,     2,
  72                  M6, 4,
  73                  H1,     4,
  74                  
  75                  M5,     4 + 4 + 4,
  76                  M3,     4,
  77                  
  78                  M4,     4 + 2,
  79                  M3,     2,
  80                  M4,     4,
  81                  H1,     4,
  82                  
  83                  //3
  84                  M3,     4 + 4,
  85                  P,      2,
  86                  H1,     2,
  87                  H1,     2,
  88                  H1,     2,
  89                  
  90                  M7,     4 + 2,
  91                  M4_,2,
  92                  M4_,4,
  93                  M7,     4,
  94                  
  95                  M7,     8,
  96                  P,      4,
  97                  M6,     2,
  98                  M7,     2,
  99                  
 100                  //4
 101                  H1,     4 + 2,
 102                  M7,     2,
 103                  H1,     4,
 104                  H3,     4,
 105                  
 106                  M7,     4 + 4 + 4,
 107                  M3,     2,
 108                  M3,     2,
 109                  
 110                  M6,     4 + 2,
 111                  M5,     2,
 112                  M6, 4,
 113                  H1,     4,
 114                  
 115                  //5
C51 COMPILER V9.60.7.0   MAIN                                                              08/18/2023 10:20:56 PAGE 3   

 116                  M5,     4 + 4 + 4,
 117                  M2,     2,
 118                  M3,     2,
 119                  
 120                  M4,     4,
 121                  H1,     2,
 122                  M7,     2 + 2,
 123                  H1,     2 + 4,
 124                  
 125                  H2,     2,
 126                  H2,     2,
 127                  H3,     2,
 128                  H1,     2 + 4 + 4,
 129                  
 130                  //6
 131                  H1,     2,
 132                  M7,     2,
 133                  M6,     2,
 134                  M6,     2,
 135                  M7,     4,
 136                  M5_,4,
 137                  
 138                  
 139                  M6,     4 + 4 + 4,
 140                  H1,     2,
 141                  H2,     2,
 142                  
 143                  H3,     4 + 2,
 144                  H2,     2,
 145                  H3,     4,
 146                  H5,     4,
 147                  
 148                  //7
 149                  H2,     4 + 4 + 4,
 150                  M5,     2,
 151                  M5,     2,
 152                  
 153                  H1,     4 + 2,
 154                  M7,     2,
 155                  H1,     4,
 156                  H3,     4,
 157                  
 158                  H3,     4 + 4 + 4 + 4,
 159                  
 160                  //8
 161                  M6,     2,
 162                  M7,     2,
 163                  H1,     4,
 164                  M7,     4,
 165                  H2,     2,
 166                  H2,     2,
 167                  
 168                  H1,     4 + 2,
 169                  M5,     2 + 4 + 4,
 170                  
 171                  H4,     4,
 172                  H3,     4,
 173                  H3,     4,
 174                  H1,     4,
 175                  
 176                  //9
 177                  H3,     4 + 4 + 4,
C51 COMPILER V9.60.7.0   MAIN                                                              08/18/2023 10:20:56 PAGE 4   

 178                  H3,     4,
 179                  
 180                  H6,     4 + 4,
 181                  H5,     4,
 182                  H5,     4,
 183                  
 184                  H3,     2,
 185                  H2,     2,
 186                  H1,     4 + 4,
 187                  P,      2,
 188                  H1,     2,
 189                  
 190                  //10
 191                  H2,     4,
 192                  H1,     2,
 193                  H2,     2,
 194                  H2,     4,
 195                  H5,     4,
 196                  
 197                  H3,     4 + 4 + 4,
 198                  H3,     4,
 199                  
 200                  H6,     4 + 4,
 201                  H5,     4 + 4,
 202                  
 203                  //11
 204                  H3,     2,
 205                  H2,     2,
 206                  H1,     4 + 4,
 207                  P,      2,
 208                  H1,     2,
 209                  
 210                  H2,     4,
 211                  H1,     2,
 212                  H2,     2 + 4,
 213                  M7,     4,
 214                  
 215                  M6,     4 + 4 + 4,
 216                  P,      4,
 217                  
 218                  0xFF    //ÁªàÊ≠¢Ê†áÂøó
 219          };
 220          void main()
 221          {
 222   1              Timer0_Init();
 223   1              while(1)
 224   1              {
 225   2                      if(Music[MusicSelect] != 0xFF)  //Â¶ÇÊûú‰∏çÊòØÂÅúÊ≠¢Ê†áÂøó‰Ωç
 226   2                      {
 227   3                              FreqSelect = Music[MusicSelect];        //ÈÄâÊã©Èü≥Á¨¶ÂØπÂ∫îÁöÑÈ¢ëÁéá
 228   3                              MusicSelect++;
 229   3                              Delay(SPEED / 4 * Music[MusicSelect]);  //ÈÄâÊã©Èü≥Á¨¶ÂØπÂ∫îÁöÑÊó∂ÂÄº
 230   3                              MusicSelect++;
 231   3                              TR0 = 0;
 232   3                              Delay(5);       //Èü≥Á¨¶Èó¥Áü≠ÊöÇÂÅúÈ°ø
 233   3                              TR0 = 1;
 234   3                      }
 235   2                      else //Â¶ÇÊûúÊòØÂÅúÊ≠¢Ê†áÂøó‰Ωç
 236   2                      {
 237   3                              TR0 = 0;
 238   3                              while(1);
 239   3                      }
C51 COMPILER V9.60.7.0   MAIN                                                              08/18/2023 10:20:56 PAGE 5   

 240   2              }
 241   1      }
 242          
 243          void Timer0_Routine() interrupt 1
 244          {
 245   1              if(FreqTable[FreqSelect])       //Â¶ÇÊûú‰∏çÊòØ‰ºëÊ≠¢Á¨¶
 246   1              {
 247   2                      /*ÂèñÂØπÂ∫îÈ¢ëÁéáÂÄºÁöÑÈáçË£ÖËΩΩÂÄºÂà∞ÂÆöÊó∂Âô®*/
 248   2                      TL0 = FreqTable[FreqSelect] % 256;              //ËÆæÁΩÆÂÆöÊó∂ÂàùÂÄº
 249   2                      TH0 = FreqTable[FreqSelect] / 256;              //ËÆæÁΩÆÂÆöÊó∂ÂàùÂÄº
 250   2                      Buzzer = !Buzzer;       //ÁøªËΩ¨ËúÇÈ∏£Âô®IOÂè£
 251   2              }
 252   1      }


MODULE INFORMATION:   STATIC OVERLAYABLE
   CODE SIZE        =    101    ----
   CONSTANT SIZE    =    241    ----
   XDATA SIZE       =   ----    ----
   PDATA SIZE       =   ----    ----
   DATA SIZE        =     76    ----
   IDATA SIZE       =   ----    ----
   BIT SIZE         =   ----    ----
END OF MODULE INFORMATION.


C51 COMPILATION COMPLETE.  0 WARNING(S),  0 ERROR(S)
