C51 COMPILER V9.60.7.0   MAIN                                                              08/12/2023 15:54:46 PAGE 1   


C51 COMPILER V9.60.7.0, COMPILATION OF MODULE MAIN
OBJECT MODULE PLACED IN .\Objects\main.obj
COMPILER INVOKED BY: D:\Keil_v5\C51\BIN\C51.EXE main.c OPTIMIZE(8,SPEED) BROWSE DEBUG OBJECTEXTEND PRINT(.\Listings\main
                    -.lst) OBJECT(.\Objects\main.obj)

line level    source

   1          #include <REGX52.H>
   2          #include "UART.h"
   3          
   4          void main()
   5          {
   6   1              
   7   1              UART_Init_1200();
   8   1              UART_SendByte(250);
   9   1              while(1)
  10   1              {
  11   2      //              UART_SendByte(0x06);
  12   2      //              Delay(2000);
  13   2              };
  14   1      }
  15          
  16          void UART_Routine() interrupt 4
  17          {
  18   1              if(RI == 1)                                     //如果接收标志位为1，接收到了数据
  19   1              {
  20   2                      P2 = ~SBUF;                             //读取数据，取反后输出到LED
  21   2                      UART_SendByte(SBUF);    //将受到的数据发回串口
  22   2                      RI = 0;                                 //接收标志位清0
  23   2              }
  24   1      }


MODULE INFORMATION:   STATIC OVERLAYABLE
   CODE SIZE        =     81    ----
   CONSTANT SIZE    =   ----    ----
   XDATA SIZE       =   ----    ----
   PDATA SIZE       =   ----    ----
   DATA SIZE        =   ----    ----
   IDATA SIZE       =   ----    ----
   BIT SIZE         =   ----    ----
END OF MODULE INFORMATION.


C51 COMPILATION COMPLETE.  0 WARNING(S),  0 ERROR(S)
