C51 COMPILER V9.60.7.0   UART                                                              08/12/2023 15:54:46 PAGE 1   


C51 COMPILER V9.60.7.0, COMPILATION OF MODULE UART
OBJECT MODULE PLACED IN .\Objects\UART.obj
COMPILER INVOKED BY: D:\Keil_v5\C51\BIN\C51.EXE UART.c OPTIMIZE(8,SPEED) BROWSE DEBUG OBJECTEXTEND PRINT(.\Listings\UART
                    -.lst) OBJECT(.\Objects\UART.obj)

line level    source

   1          #include <REGX52.H>
   2          
   3          /**
   4            * @brief  串口初始化（仅发送 不接收）。12MHz\4800\加倍
   5            * @param  无
   6            * @retval 无
   7            */
   8          void UART_OnlyTxD_Init()
   9          {
  10   1              SCON = 0x40; // 0100 0000 [8位UART，波特率可变，不启动RxD接收]
  11   1              PCON |= 0x80; // 1000 0000 [开启波特率加倍以提高12MHz时钟下的精度]
  12   1              TMOD &= 0x0F; // 1111 0000 [T0和T1在同一个8位寄存器，即保持T0不变并清空T1]
  13   1              TMOD |= 0x20; // 0010 0000 [T1使用8位自动重装模式]
  14   1              TL1 = 0xF3; // 定时器的初始值[DEC:243]，该值与波特率有关，此处使用的是4800
  15   1              TH1 = 0xF3; // 定时器的自动重装值，同上
  16   1              ET1 = 0; // 禁止T1产生中断
  17   1              TR1 = 1; // 开启T1定时器
  18   1      }
  19          
  20          /**
  21            * @brief  串口初始化（发送和接收）。12MHz\4800\加倍
  22            * @param  无
  23            * @retval 无
  24            */
  25          void UART_Init_4800(void)
  26          {
  27   1              PCON |= 0x80;           //使能波特率倍速位SMOD
  28   1              SCON = 0x50;            //8位数据,可变波特率
  29   1              TMOD &= 0x0F;           //设置定时器模式
  30   1              TMOD |= 0x20;           //设置定时器模式
  31   1              TL1 = 0xF3;                     //设置定时初始值
  32   1              TH1 = 0xF3;                     //设置定时重载值
  33   1              ET1 = 0;                        //禁止定时器中断
  34   1              TR1 = 1;                        //定时器1开始计时
  35   1      }
  36          
  37          /**
  38            * @brief  串口初始化（发送和接收）。12MHz\1200\加倍
  39            * @param  无
  40            * @retval 无
  41            */
  42          void UART_Init_1200(void)               //1200bps@12.000MHz
  43          {
  44   1              PCON |= 0x80;           //使能波特率倍速位SMOD
  45   1              SCON = 0x50;            //8位数据,可变波特率
  46   1              TMOD &= 0x0F;           //设置定时器模式
  47   1              TMOD |= 0x20;           //设置定时器模式
  48   1              TL1 = 0xCC;                     //设置定时初始值
  49   1              TH1 = 0xCC;                     //设置定时重载值
  50   1              ET1 = 0;                        //禁止定时器中断
  51   1              TR1 = 1;                        //定时器1开始计时
  52   1      }
  53          
  54          /**
C51 COMPILER V9.60.7.0   UART                                                              08/12/2023 15:54:46 PAGE 2   

  55            * @brief  串口发送一个字节数据
  56            * @param  Byte 要发送的一个字节数据
  57            * @retval 无
  58            */
  59          void UART_SendByte(unsigned char Byte)
  60          {
  61   1              SBUF = Byte;
  62   1              while(TI == 0);
  63   1              TI = 0;
  64   1      }


MODULE INFORMATION:   STATIC OVERLAYABLE
   CODE SIZE        =     77    ----
   CONSTANT SIZE    =   ----    ----
   XDATA SIZE       =   ----    ----
   PDATA SIZE       =   ----    ----
   DATA SIZE        =   ----    ----
   IDATA SIZE       =   ----    ----
   BIT SIZE         =   ----    ----
END OF MODULE INFORMATION.


C51 COMPILATION COMPLETE.  0 WARNING(S),  0 ERROR(S)
