C51 COMPILER V9.60.7.0   INT0                                                              09/15/2023 08:44:15 PAGE 1   


C51 COMPILER V9.60.7.0, COMPILATION OF MODULE INT0
OBJECT MODULE PLACED IN .\Objects\Int0.obj
COMPILER INVOKED BY: D:\Keil_v5\C51\BIN\C51.EXE Int0.c OPTIMIZE(8,SPEED) BROWSE DEBUG OBJECTEXTEND PRINT(.\Listings\Int0
                    -.lst) OBJECT(.\Objects\Int0.obj)

line level    source

   1          #include <STC89C5xRC.H>
   2          void Int0_Init(void)
   3          {
   4   1              IT0 = 1; // 中断0 下降沿触发
   5   1              IE0 = 0; // 清空中断标志位
   6   1              EX0 = 1; // 打开中断
   7   1              EA = 1;  // 打开总中断
   8   1              PX0 = 1; // 给个高优先级，他能中断别的中断以进行嵌套
   9   1      }
  10          /**
  11          * @brief 外部中断寄存器中断函数
  12          * @param  无
  13          * @retval 无
  14          * @interpretation  描述
  15          */
  16          //void Int0_Rountine(void)  interrupt 0
  17          //{
  18          //      Num++;
  19          //}


MODULE INFORMATION:   STATIC OVERLAYABLE
   CODE SIZE        =     11    ----
   CONSTANT SIZE    =   ----    ----
   XDATA SIZE       =   ----    ----
   PDATA SIZE       =   ----    ----
   DATA SIZE        =   ----    ----
   IDATA SIZE       =   ----    ----
   BIT SIZE         =   ----    ----
END OF MODULE INFORMATION.


C51 COMPILATION COMPLETE.  0 WARNING(S),  0 ERROR(S)
