C51 COMPILER V9.60.7.0   MOTOR                                                             09/15/2023 08:52:10 PAGE 1   


C51 COMPILER V9.60.7.0, COMPILATION OF MODULE MOTOR
OBJECT MODULE PLACED IN .\Objects\Motor.obj
COMPILER INVOKED BY: D:\Keil_v5\C51\BIN\C51.EXE Motor.c OPTIMIZE(8,SPEED) BROWSE DEBUG OBJECTEXTEND PRINT(.\Listings\Mot
                    -or.lst) OBJECT(.\Objects\Motor.obj)

line level    source

   1          #include <STC89C5xRC.H>
   2          #include "PWM.h"
   3          sbit Motor = P1^0;
   4          unsigned char Counter, Compare; // 定义计数器和比较值
   5          /**
   6          * @brief 定时器1 中断执行函数，处理PWM方波输出
   7          * @param  无
   8          * @retval 无
   9          * @interpretation  描述
  10          */
  11          void Timer1_Routine() interrupt 3
  12          {       
  13   1              TL1 = 0xA4;
  14   1              TH1 = 0xFF;
  15   1              Counter++;
  16   1              Counter %= 100;
  17   1              if(Counter < Compare)   
  18   1                      Motor = 1;      
  19   1              else 
  20   1                      Motor = 0;
  21   1      }
  22          /**
  23          * @brief 电机初始化函数
  24          * @param  无
  25          * @retval 无
  26          * @interpretation  描述
  27          */
  28          void Motor_Init(void)
  29          {
  30   1              Timer1_PWM_Init();
  31   1      }
  32          /**
  33          * @brief 设置速度
  34          * @param  无
  35          * @retval 无
  36          * @interpretation  描述
  37          */
  38          void Motor_SetSpeed(unsigned char Speed)
  39          {
  40   1              Compare = Speed;
  41   1      }


MODULE INFORMATION:   STATIC OVERLAYABLE
   CODE SIZE        =     49    ----
   CONSTANT SIZE    =   ----    ----
   XDATA SIZE       =   ----    ----
   PDATA SIZE       =   ----    ----
   DATA SIZE        =      2    ----
   IDATA SIZE       =   ----    ----
   BIT SIZE         =   ----    ----
END OF MODULE INFORMATION.


C51 COMPILATION COMPLETE.  0 WARNING(S),  0 ERROR(S)
