C51 COMPILER V9.60.7.0   PWM                                                               09/15/2023 08:46:50 PAGE 1   


C51 COMPILER V9.60.7.0, COMPILATION OF MODULE PWM
OBJECT MODULE PLACED IN .\Objects\PWM.obj
COMPILER INVOKED BY: D:\Keil_v5\C51\BIN\C51.EXE PWM.c OPTIMIZE(8,SPEED) BROWSE DEBUG OBJECTEXTEND PRINT(.\Listings\PWM.l
                    -st) OBJECT(.\Objects\PWM.obj)

line level    source

   1          #include <STC89C5xRC.H>
   2          void Timer1_PWM_Init(void) // 100微秒@11.0592MHz
   3          {
   4   1              TMOD &= 0x0F; // 设置定时器模式
   5   1              TMOD |= 0x10; // 设置定时器模式
   6   1              TL1 = 0xA4; // 设置定时初始值
   7   1              TH1 = 0xFF; // 设置定时初始值
   8   1              TF1 = 0; // 清除TF0标志
   9   1              TR1 = 1; // 定时器0开始计时
  10   1              ET1 = 1; // 中断
  11   1              EA = 1; // 总中断使能
  12   1              PT1 = 0;// 优先级置于最低
  13   1      }
  14          /*
  15          void Timer1_Routine() interrupt 3
  16          {       
  17                  TL1 = 0xA4;
  18                  TH1 = 0xFF;
  19                  Counter++;
  20                  Counter %= 100;
  21                  if(Counter < Compare)   
  22                          Motor = 1;      
  23                  else 
  24                          Motor = 0;
  25          }
  26          */


MODULE INFORMATION:   STATIC OVERLAYABLE
   CODE SIZE        =     23    ----
   CONSTANT SIZE    =   ----    ----
   XDATA SIZE       =   ----    ----
   PDATA SIZE       =   ----    ----
   DATA SIZE        =   ----    ----
   IDATA SIZE       =   ----    ----
   BIT SIZE         =   ----    ----
END OF MODULE INFORMATION.


C51 COMPILATION COMPLETE.  0 WARNING(S),  0 ERROR(S)
