C51 COMPILER V9.60.7.0   TIMER1                                                            09/15/2023 08:33:13 PAGE 1   


C51 COMPILER V9.60.7.0, COMPILATION OF MODULE TIMER1
OBJECT MODULE PLACED IN .\Objects\Timer1.obj
COMPILER INVOKED BY: D:\Keil_v5\C51\BIN\C51.EXE Timer1.c OPTIMIZE(8,SPEED) BROWSE DEBUG OBJECTEXTEND PRINT(.\Listings\Ti
                    -mer1.lst) OBJECT(.\Objects\Timer1.obj)

line level    source

   1          #include <STC89C5xRC.H>
   2          /**
   3            * @brief 定时器1的1毫秒*1000=1秒定时器通用初始化函数
   4            * @param  无
   5            * @retval 无
   6            */
   7          void Timer1_Init()
   8          {
   9   1              TMOD &= 0x0F;
  10   1              TMOD |= 0x10;
  11   1              TF1 = 0;
  12   1              TR1 = 1;
  13   1              TH1 = 0xFC; // DEC[(65535-1000)/16^2]=>HEX 取出高位
  14   1              TL1 = 0x18; // DEC[(65535-1000)%16^2]=>HEX 取出低位
  15   1              ET1 = 1;
  16   1              EA = 1;
  17   1              PT1 = 0;
  18   1      }
  19          /*
  20          void Timer1_Routine() interrupt 3
  21          {       
  22                  TL0 = 0xA4;
  23                  TH0 = 0xFF;
  24                  Counter++;
  25                  Counter %= 100;
  26                  if(Counter < Compare)   
  27                          Motor = 1;      
  28                  else 
  29                          Motor = 0;
  30          }
  31          */


MODULE INFORMATION:   STATIC OVERLAYABLE
   CODE SIZE        =     23    ----
   CONSTANT SIZE    =   ----    ----
   XDATA SIZE       =   ----    ----
   PDATA SIZE       =   ----    ----
   DATA SIZE        =   ----    ----
   IDATA SIZE       =   ----    ----
   BIT SIZE         =   ----    ----
END OF MODULE INFORMATION.


C51 COMPILATION COMPLETE.  0 WARNING(S),  0 ERROR(S)
